{"/Users/jeff/repos/jeff/valley-of-ai/app/layout.jsx": {"path":"/Users/jeff/repos/jeff/valley-of-ai/app/layout.jsx","statementMap":{"0":{"start":{"line":12,"column":24},"end":{"line":12,"column":35}},"1":{"start":{"line":7,"column":13},"end":{"line":7,"column":24}},"2":{"start":{"line":1,"column":7},"end":{"line":1,"column":null}},"3":{"start":{"line":2,"column":22},"end":{"line":2,"column":null}},"4":{"start":{"line":3,"column":24},"end":{"line":3,"column":null}},"5":{"start":{"line":5,"column":14},"end":{"line":5,"column":null}},"6":{"start":{"line":7,"column":24},"end":{"line":10,"column":null}}},"fnMap":{"0":{"name":"RootLayout","decl":{"start":{"line":12,"column":24},"end":{"line":12,"column":35}},"loc":{"start":{"line":12,"column":47},"end":{"line":38,"column":null}}}},"branchMap":{},"s":{"0":0,"1":0,"2":0,"3":0,"4":0,"5":0,"6":0},"f":{"0":0},"b":{}}
,"/Users/jeff/repos/jeff/valley-of-ai/app/not-found.jsx": {"path":"/Users/jeff/repos/jeff/valley-of-ai/app/not-found.jsx","statementMap":{"0":{"start":{"line":3,"column":24},"end":{"line":3,"column":null}},"1":{"start":{"line":1,"column":17},"end":{"line":1,"column":null}}},"fnMap":{"0":{"name":"NotFound","decl":{"start":{"line":3,"column":24},"end":{"line":3,"column":null}},"loc":{"start":{"line":3,"column":24},"end":{"line":18,"column":null}}}},"branchMap":{},"s":{"0":0,"1":0},"f":{"0":0},"b":{}}
,"/Users/jeff/repos/jeff/valley-of-ai/app/page.jsx": {"path":"/Users/jeff/repos/jeff/valley-of-ai/app/page.jsx","statementMap":{"0":{"start":{"line":81,"column":24},"end":{"line":81,"column":null}},"1":{"start":{"line":3,"column":53},"end":{"line":3,"column":null}},"2":{"start":{"line":4,"column":17},"end":{"line":4,"column":null}},"3":{"start":{"line":5,"column":20},"end":{"line":5,"column":null}},"4":{"start":{"line":6,"column":33},"end":{"line":6,"column":null}},"5":{"start":{"line":9,"column":21},"end":{"line":9,"column":null}},"6":{"start":{"line":11,"column":21},"end":{"line":15,"column":null}},"7":{"start":{"line":17,"column":25},"end":{"line":17,"column":null}},"8":{"start":{"line":18,"column":29},"end":{"line":18,"column":null}},"9":{"start":{"line":20,"column":27},"end":{"line":32,"column":null}},"10":{"start":{"line":34,"column":22},"end":{"line":34,"column":null}},"11":{"start":{"line":34,"column":36},"end":{"line":34,"column":null}},"12":{"start":{"line":36,"column":26},"end":{"line":54,"column":null}},"13":{"start":{"line":37,"column":20},"end":{"line":37,"column":null}},"14":{"start":{"line":38,"column":19},"end":{"line":40,"column":48}},"15":{"start":{"line":41,"column":19},"end":{"line":43,"column":48}},"16":{"start":{"line":45,"column":2},"end":{"line":53,"column":null}},"17":{"start":{"line":56,"column":34},"end":{"line":61,"column":null}},"18":{"start":{"line":57,"column":16},"end":{"line":57,"column":93}},"19":{"start":{"line":58,"column":2},"end":{"line":59,"column":null}},"20":{"start":{"line":59,"column":4},"end":{"line":59,"column":null}},"21":{"start":{"line":63,"column":29},"end":{"line":70,"column":null}},"22":{"start":{"line":64,"column":2},"end":{"line":66,"column":null}},"23":{"start":{"line":65,"column":4},"end":{"line":65,"column":null}},"24":{"start":{"line":67,"column":24},"end":{"line":67,"column":88}},"25":{"start":{"line":68,"column":24},"end":{"line":68,"column":71}},"26":{"start":{"line":69,"column":2},"end":{"line":69,"column":null}},"27":{"start":{"line":73,"column":19},"end":{"line":73,"column":null}},"28":{"start":{"line":73,"column":53},"end":{"line":73,"column":65}},"29":{"start":{"line":74,"column":15},"end":{"line":76,"column":null}},"30":{"start":{"line":75,"column":35},"end":{"line":75,"column":62}},"31":{"start":{"line":77,"column":15},"end":{"line":77,"column":null}},"32":{"start":{"line":77,"column":49},"end":{"line":77,"column":75}},"33":{"start":{"line":78,"column":27},"end":{"line":78,"column":null}},"34":{"start":{"line":79,"column":18},"end":{"line":79,"column":null}},"35":{"start":{"line":79,"column":40},"end":{"line":79,"column":46}},"36":{"start":{"line":82,"column":30},"end":{"line":82,"column":null}},"37":{"start":{"line":83,"column":40},"end":{"line":83,"column":null}},"38":{"start":{"line":84,"column":32},"end":{"line":84,"column":null}},"39":{"start":{"line":85,"column":32},"end":{"line":85,"column":null}},"40":{"start":{"line":86,"column":34},"end":{"line":86,"column":null}},"41":{"start":{"line":87,"column":52},"end":{"line":87,"column":null}},"42":{"start":{"line":88,"column":42},"end":{"line":88,"column":null}},"43":{"start":{"line":89,"column":27},"end":{"line":89,"column":null}},"44":{"start":{"line":92,"column":51},"end":{"line":92,"column":null}},"45":{"start":{"line":95,"column":40},"end":{"line":95,"column":null}},"46":{"start":{"line":96,"column":46},"end":{"line":96,"column":null}},"47":{"start":{"line":97,"column":40},"end":{"line":97,"column":null}},"48":{"start":{"line":98,"column":40},"end":{"line":98,"column":null}},"49":{"start":{"line":99,"column":48},"end":{"line":99,"column":null}},"50":{"start":{"line":100,"column":40},"end":{"line":100,"column":null}},"51":{"start":{"line":102,"column":28},"end":{"line":108,"column":26}},"52":{"start":{"line":111,"column":2},"end":{"line":119,"column":null}},"53":{"start":{"line":112,"column":19},"end":{"line":112,"column":null}},"54":{"start":{"line":113,"column":4},"end":{"line":113,"column":null}},"55":{"start":{"line":114,"column":18},"end":{"line":114,"column":null}},"56":{"start":{"line":115,"column":20},"end":{"line":115,"column":null}},"57":{"start":{"line":116,"column":4},"end":{"line":116,"column":null}},"58":{"start":{"line":117,"column":4},"end":{"line":117,"column":null}},"59":{"start":{"line":118,"column":4},"end":{"line":118,"column":null}},"60":{"start":{"line":121,"column":23},"end":{"line":150,"column":null}},"61":{"start":{"line":122,"column":4},"end":{"line":149,"column":null}},"62":{"start":{"line":123,"column":6},"end":{"line":132,"column":null}},"63":{"start":{"line":124,"column":22},"end":{"line":124,"column":null}},"64":{"start":{"line":126,"column":10},"end":{"line":128,"column":null}},"65":{"start":{"line":128,"column":34},"end":{"line":128,"column":null}},"66":{"start":{"line":129,"column":8},"end":{"line":131,"column":null}},"67":{"start":{"line":130,"column":10},"end":{"line":130,"column":null}},"68":{"start":{"line":133,"column":6},"end":{"line":135,"column":null}},"69":{"start":{"line":134,"column":8},"end":{"line":134,"column":null}},"70":{"start":{"line":136,"column":6},"end":{"line":138,"column":null}},"71":{"start":{"line":137,"column":8},"end":{"line":137,"column":null}},"72":{"start":{"line":139,"column":6},"end":{"line":141,"column":null}},"73":{"start":{"line":140,"column":8},"end":{"line":140,"column":null}},"74":{"start":{"line":142,"column":6},"end":{"line":147,"column":null}},"75":{"start":{"line":146,"column":8},"end":{"line":146,"column":null}},"76":{"start":{"line":148,"column":6},"end":{"line":148,"column":null}},"77":{"start":{"line":152,"column":21},"end":{"line":164,"column":null}},"78":{"start":{"line":153,"column":17},"end":{"line":153,"column":null}},"79":{"start":{"line":154,"column":4},"end":{"line":163,"column":null}},"80":{"start":{"line":156,"column":8},"end":{"line":156,"column":null}},"81":{"start":{"line":156,"column":35},"end":{"line":156,"column":null}},"82":{"start":{"line":158,"column":8},"end":{"line":158,"column":null}},"83":{"start":{"line":158,"column":35},"end":{"line":158,"column":null}},"84":{"start":{"line":160,"column":8},"end":{"line":160,"column":null}},"85":{"start":{"line":160,"column":35},"end":{"line":160,"column":null}},"86":{"start":{"line":162,"column":8},"end":{"line":162,"column":null}},"87":{"start":{"line":166,"column":21},"end":{"line":166,"column":null}},"88":{"start":{"line":168,"column":24},"end":{"line":171,"column":null}},"89":{"start":{"line":169,"column":23},"end":{"line":169,"column":null}},"90":{"start":{"line":170,"column":4},"end":{"line":170,"column":null}},"91":{"start":{"line":173,"column":23},"end":{"line":180,"column":null}},"92":{"start":{"line":174,"column":4},"end":{"line":174,"column":null}},"93":{"start":{"line":175,"column":4},"end":{"line":175,"column":null}},"94":{"start":{"line":176,"column":4},"end":{"line":176,"column":null}},"95":{"start":{"line":177,"column":4},"end":{"line":177,"column":null}},"96":{"start":{"line":178,"column":4},"end":{"line":178,"column":null}},"97":{"start":{"line":179,"column":4},"end":{"line":179,"column":null}},"98":{"start":{"line":182,"column":29},"end":{"line":185,"column":null}},"99":{"start":{"line":182,"column":41},"end":{"line":185,"column":null}},"100":{"start":{"line":183,"column":4},"end":{"line":183,"column":null}},"101":{"start":{"line":184,"column":4},"end":{"line":184,"column":null}},"102":{"start":{"line":187,"column":27},"end":{"line":190,"column":null}},"103":{"start":{"line":188,"column":4},"end":{"line":188,"column":null}},"104":{"start":{"line":189,"column":4},"end":{"line":189,"column":null}},"105":{"start":{"line":192,"column":30},"end":{"line":195,"column":null}},"106":{"start":{"line":193,"column":4},"end":{"line":193,"column":null}},"107":{"start":{"line":194,"column":4},"end":{"line":194,"column":null}},"108":{"start":{"line":197,"column":32},"end":{"line":226,"column":null}},"109":{"start":{"line":198,"column":4},"end":{"line":225,"column":null}},"110":{"start":{"line":199,"column":34},"end":{"line":199,"column":null}},"111":{"start":{"line":201,"column":19},"end":{"line":207,"column":null}},"112":{"start":{"line":202,"column":8},"end":{"line":204,"column":null}},"113":{"start":{"line":203,"column":10},"end":{"line":203,"column":null}},"114":{"start":{"line":205,"column":8},"end":{"line":205,"column":null}},"115":{"start":{"line":206,"column":8},"end":{"line":206,"column":null}},"116":{"start":{"line":209,"column":6},"end":{"line":222,"column":null}},"117":{"start":{"line":210,"column":24},"end":{"line":219,"column":null}},"118":{"start":{"line":211,"column":10},"end":{"line":211,"column":null}},"119":{"start":{"line":212,"column":10},"end":{"line":216,"column":null}},"120":{"start":{"line":213,"column":12},"end":{"line":216,"column":null}},"121":{"start":{"line":214,"column":14},"end":{"line":216,"column":null}},"122":{"start":{"line":221,"column":8},"end":{"line":221,"column":null}},"123":{"start":{"line":224,"column":6},"end":{"line":224,"column":null}},"124":{"start":{"line":228,"column":2},"end":{"line":233,"column":null}},"125":{"start":{"line":229,"column":4},"end":{"line":232,"column":null}},"126":{"start":{"line":230,"column":6},"end":{"line":230,"column":null}},"127":{"start":{"line":230,"column":52},"end":{"line":230,"column":null}},"128":{"start":{"line":231,"column":6},"end":{"line":231,"column":null}},"129":{"start":{"line":235,"column":2},"end":{"line":239,"column":null}},"130":{"start":{"line":236,"column":4},"end":{"line":238,"column":null}},"131":{"start":{"line":237,"column":6},"end":{"line":237,"column":null}},"132":{"start":{"line":241,"column":19},"end":{"line":244,"column":null}},"133":{"start":{"line":242,"column":4},"end":{"line":242,"column":null}},"134":{"start":{"line":243,"column":4},"end":{"line":243,"column":null}},"135":{"start":{"line":259,"column":14},"end":{"line":261,"column":null}},"136":{"start":{"line":263,"column":12},"end":{"line":265,"column":null}},"137":{"start":{"line":266,"column":37},"end":{"line":266,"column":null}},"138":{"start":{"line":311,"column":29},"end":{"line":311,"column":null}},"139":{"start":{"line":311,"column":63},"end":{"line":311,"column":null}},"140":{"start":{"line":359,"column":18},"end":{"line":359,"column":null}},"141":{"start":{"line":360,"column":18},"end":{"line":360,"column":null}},"142":{"start":{"line":366,"column":29},"end":{"line":366,"column":null}},"143":{"start":{"line":402,"column":22},"end":{"line":402,"column":40}},"144":{"start":{"line":421,"column":22},"end":{"line":421,"column":42}},"145":{"start":{"line":440,"column":22},"end":{"line":440,"column":42}},"146":{"start":{"line":459,"column":22},"end":{"line":459,"column":41}},"147":{"start":{"line":499,"column":18},"end":{"line":499,"column":39}},"148":{"start":{"line":517,"column":18},"end":{"line":517,"column":45}},"149":{"start":{"line":530,"column":14},"end":{"line":530,"column":36}},"150":{"start":{"line":558,"column":31},"end":{"line":558,"column":null}},"151":{"start":{"line":574,"column":62},"end":{"line":574,"column":null}},"152":{"start":{"line":576,"column":20},"end":{"line":578,"column":null}},"153":{"start":{"line":577,"column":22},"end":{"line":577,"column":null}},"154":{"start":{"line":579,"column":20},"end":{"line":581,"column":null}},"155":{"start":{"line":580,"column":22},"end":{"line":580,"column":null}},"156":{"start":{"line":582,"column":20},"end":{"line":582,"column":null}},"157":{"start":{"line":585,"column":20},"end":{"line":587,"column":null}},"158":{"start":{"line":586,"column":22},"end":{"line":586,"column":null}},"159":{"start":{"line":588,"column":20},"end":{"line":588,"column":null}},"160":{"start":{"line":589,"column":20},"end":{"line":589,"column":null}},"161":{"start":{"line":592,"column":20},"end":{"line":598,"column":null}},"162":{"start":{"line":599,"column":39},"end":{"line":599,"column":null}},"163":{"start":{"line":613,"column":31},"end":{"line":613,"column":null}}},"fnMap":{"0":{"name":"(anonymous_2)","decl":{"start":{"line":34,"column":22},"end":{"line":34,"column":23}},"loc":{"start":{"line":34,"column":36},"end":{"line":34,"column":null}}},"1":{"name":"(anonymous_3)","decl":{"start":{"line":36,"column":26},"end":{"line":36,"column":27}},"loc":{"start":{"line":36,"column":47},"end":{"line":54,"column":null}}},"2":{"name":"(anonymous_4)","decl":{"start":{"line":56,"column":34},"end":{"line":56,"column":35}},"loc":{"start":{"line":56,"column":35},"end":{"line":61,"column":null}}},"3":{"name":"(anonymous_5)","decl":{"start":{"line":58,"column":39},"end":{"line":58,"column":40}},"loc":{"start":{"line":59,"column":4},"end":{"line":59,"column":null}}},"4":{"name":"(anonymous_6)","decl":{"start":{"line":63,"column":29},"end":{"line":63,"column":null}},"loc":{"start":{"line":63,"column":29},"end":{"line":70,"column":null}}},"5":{"name":"(anonymous_7)","decl":{"start":{"line":73,"column":44},"end":{"line":73,"column":45}},"loc":{"start":{"line":73,"column":53},"end":{"line":73,"column":65}}},"6":{"name":"(anonymous_8)","decl":{"start":{"line":75,"column":26},"end":{"line":75,"column":27}},"loc":{"start":{"line":75,"column":35},"end":{"line":75,"column":62}}},"7":{"name":"(anonymous_9)","decl":{"start":{"line":77,"column":40},"end":{"line":77,"column":41}},"loc":{"start":{"line":77,"column":49},"end":{"line":77,"column":75}}},"8":{"name":"(anonymous_10)","decl":{"start":{"line":79,"column":31},"end":{"line":79,"column":32}},"loc":{"start":{"line":79,"column":40},"end":{"line":79,"column":46}}},"9":{"name":"HomePage","decl":{"start":{"line":81,"column":24},"end":{"line":81,"column":null}},"loc":{"start":{"line":81,"column":24},"end":{"line":633,"column":null}}},"10":{"name":"(anonymous_12)","decl":{"start":{"line":111,"column":12},"end":{"line":111,"column":null}},"loc":{"start":{"line":111,"column":12},"end":{"line":119,"column":5}}},"11":{"name":"(anonymous_13)","decl":{"start":{"line":121,"column":31},"end":{"line":121,"column":null}},"loc":{"start":{"line":121,"column":31},"end":{"line":150,"column":5}}},"12":{"name":"(anonymous_14)","decl":{"start":{"line":122,"column":27},"end":{"line":122,"column":28}},"loc":{"start":{"line":122,"column":28},"end":{"line":149,"column":null}}},"13":{"name":"(anonymous_15)","decl":{"start":{"line":128,"column":25},"end":{"line":128,"column":26}},"loc":{"start":{"line":128,"column":34},"end":{"line":128,"column":null}}},"14":{"name":"(anonymous_16)","decl":{"start":{"line":152,"column":29},"end":{"line":152,"column":null}},"loc":{"start":{"line":152,"column":29},"end":{"line":164,"column":5}}},"15":{"name":"(anonymous_17)","decl":{"start":{"line":156,"column":25},"end":{"line":156,"column":26}},"loc":{"start":{"line":156,"column":35},"end":{"line":156,"column":null}}},"16":{"name":"(anonymous_18)","decl":{"start":{"line":158,"column":25},"end":{"line":158,"column":26}},"loc":{"start":{"line":158,"column":35},"end":{"line":158,"column":null}}},"17":{"name":"(anonymous_19)","decl":{"start":{"line":160,"column":25},"end":{"line":160,"column":26}},"loc":{"start":{"line":160,"column":35},"end":{"line":160,"column":null}}},"18":{"name":"(anonymous_20)","decl":{"start":{"line":168,"column":32},"end":{"line":168,"column":null}},"loc":{"start":{"line":168,"column":32},"end":{"line":171,"column":5}}},"19":{"name":"(anonymous_21)","decl":{"start":{"line":173,"column":23},"end":{"line":173,"column":null}},"loc":{"start":{"line":173,"column":23},"end":{"line":180,"column":null}}},"20":{"name":"(anonymous_22)","decl":{"start":{"line":182,"column":29},"end":{"line":182,"column":30}},"loc":{"start":{"line":182,"column":41},"end":{"line":185,"column":null}}},"21":{"name":"(anonymous_23)","decl":{"start":{"line":182,"column":41},"end":{"line":182,"column":42}},"loc":{"start":{"line":182,"column":42},"end":{"line":185,"column":null}}},"22":{"name":"(anonymous_24)","decl":{"start":{"line":187,"column":27},"end":{"line":187,"column":28}},"loc":{"start":{"line":187,"column":28},"end":{"line":190,"column":null}}},"23":{"name":"(anonymous_25)","decl":{"start":{"line":192,"column":30},"end":{"line":192,"column":31}},"loc":{"start":{"line":192,"column":31},"end":{"line":195,"column":null}}},"24":{"name":"(anonymous_26)","decl":{"start":{"line":197,"column":32},"end":{"line":197,"column":33}},"loc":{"start":{"line":197,"column":33},"end":{"line":226,"column":null}}},"25":{"name":"(anonymous_27)","decl":{"start":{"line":198,"column":20},"end":{"line":198,"column":21}},"loc":{"start":{"line":198,"column":21},"end":{"line":225,"column":null}}},"26":{"name":"(anonymous_28)","decl":{"start":{"line":201,"column":28},"end":{"line":201,"column":29}},"loc":{"start":{"line":201,"column":29},"end":{"line":207,"column":null}}},"27":{"name":"(anonymous_29)","decl":{"start":{"line":210,"column":42},"end":{"line":210,"column":null}},"loc":{"start":{"line":210,"column":42},"end":{"line":219,"column":11}}},"28":{"name":"(anonymous_30)","decl":{"start":{"line":212,"column":26},"end":{"line":212,"column":27}},"loc":{"start":{"line":213,"column":12},"end":{"line":216,"column":null}}},"29":{"name":"(anonymous_31)","decl":{"start":{"line":213,"column":24},"end":{"line":213,"column":25}},"loc":{"start":{"line":214,"column":14},"end":{"line":216,"column":null}}},"30":{"name":"(anonymous_32)","decl":{"start":{"line":228,"column":12},"end":{"line":228,"column":null}},"loc":{"start":{"line":228,"column":12},"end":{"line":233,"column":5}}},"31":{"name":"(anonymous_33)","decl":{"start":{"line":229,"column":11},"end":{"line":229,"column":null}},"loc":{"start":{"line":229,"column":11},"end":{"line":232,"column":null}}},"32":{"name":"(anonymous_34)","decl":{"start":{"line":230,"column":39},"end":{"line":230,"column":40}},"loc":{"start":{"line":230,"column":52},"end":{"line":230,"column":null}}},"33":{"name":"(anonymous_35)","decl":{"start":{"line":235,"column":12},"end":{"line":235,"column":null}},"loc":{"start":{"line":235,"column":12},"end":{"line":239,"column":5}}},"34":{"name":"(anonymous_36)","decl":{"start":{"line":241,"column":19},"end":{"line":241,"column":20}},"loc":{"start":{"line":241,"column":20},"end":{"line":244,"column":null}}},"35":{"name":"(anonymous_37)","decl":{"start":{"line":257,"column":28},"end":{"line":257,"column":29}},"loc":{"start":{"line":257,"column":29},"end":{"line":283,"column":null}}},"36":{"name":"(anonymous_38)","decl":{"start":{"line":266,"column":31},"end":{"line":266,"column":37}},"loc":{"start":{"line":266,"column":37},"end":{"line":266,"column":null}}},"37":{"name":"(anonymous_39)","decl":{"start":{"line":311,"column":23},"end":{"line":311,"column":29}},"loc":{"start":{"line":311,"column":29},"end":{"line":311,"column":null}}},"38":{"name":"(anonymous_40)","decl":{"start":{"line":311,"column":50},"end":{"line":311,"column":51}},"loc":{"start":{"line":311,"column":63},"end":{"line":311,"column":null}}},"39":{"name":"(anonymous_41)","decl":{"start":{"line":358,"column":26},"end":{"line":358,"column":27}},"loc":{"start":{"line":358,"column":27},"end":{"line":361,"column":null}}},"40":{"name":"(anonymous_42)","decl":{"start":{"line":366,"column":23},"end":{"line":366,"column":29}},"loc":{"start":{"line":366,"column":29},"end":{"line":366,"column":null}}},"41":{"name":"(anonymous_43)","decl":{"start":{"line":401,"column":36},"end":{"line":401,"column":37}},"loc":{"start":{"line":402,"column":22},"end":{"line":402,"column":40}}},"42":{"name":"(anonymous_44)","decl":{"start":{"line":420,"column":32},"end":{"line":420,"column":33}},"loc":{"start":{"line":421,"column":22},"end":{"line":421,"column":42}}},"43":{"name":"(anonymous_45)","decl":{"start":{"line":439,"column":32},"end":{"line":439,"column":33}},"loc":{"start":{"line":440,"column":22},"end":{"line":440,"column":42}}},"44":{"name":"(anonymous_46)","decl":{"start":{"line":458,"column":44},"end":{"line":458,"column":45}},"loc":{"start":{"line":459,"column":22},"end":{"line":459,"column":41}}},"45":{"name":"(anonymous_47)","decl":{"start":{"line":498,"column":38},"end":{"line":498,"column":39}},"loc":{"start":{"line":499,"column":18},"end":{"line":499,"column":39}}},"46":{"name":"(anonymous_48)","decl":{"start":{"line":516,"column":34},"end":{"line":516,"column":35}},"loc":{"start":{"line":517,"column":18},"end":{"line":517,"column":45}}},"47":{"name":"(anonymous_49)","decl":{"start":{"line":529,"column":31},"end":{"line":529,"column":32}},"loc":{"start":{"line":530,"column":14},"end":{"line":530,"column":36}}},"48":{"name":"(anonymous_50)","decl":{"start":{"line":558,"column":25},"end":{"line":558,"column":31}},"loc":{"start":{"line":558,"column":31},"end":{"line":558,"column":null}}},"49":{"name":"(anonymous_51)","decl":{"start":{"line":574,"column":52},"end":{"line":574,"column":53}},"loc":{"start":{"line":574,"column":62},"end":{"line":574,"column":null}}},"50":{"name":"(anonymous_52)","decl":{"start":{"line":575,"column":26},"end":{"line":575,"column":27}},"loc":{"start":{"line":575,"column":27},"end":{"line":583,"column":null}}},"51":{"name":"(anonymous_53)","decl":{"start":{"line":584,"column":26},"end":{"line":584,"column":27}},"loc":{"start":{"line":584,"column":43},"end":{"line":590,"column":21}}},"52":{"name":"(anonymous_54)","decl":{"start":{"line":591,"column":23},"end":{"line":591,"column":24}},"loc":{"start":{"line":592,"column":20},"end":{"line":598,"column":null}}},"53":{"name":"(anonymous_55)","decl":{"start":{"line":599,"column":33},"end":{"line":599,"column":39}},"loc":{"start":{"line":599,"column":39},"end":{"line":599,"column":null}}},"54":{"name":"(anonymous_56)","decl":{"start":{"line":613,"column":25},"end":{"line":613,"column":31}},"loc":{"start":{"line":613,"column":31},"end":{"line":613,"column":null}}}},"branchMap":{"0":{"loc":{"start":{"line":36,"column":31},"end":{"line":36,"column":47}},"type":"default-arg","locations":[{"start":{"line":36,"column":42},"end":{"line":36,"column":47}}]},"1":{"loc":{"start":{"line":38,"column":19},"end":{"line":40,"column":48}},"type":"cond-expr","locations":[{"start":{"line":39,"column":6},"end":{"line":39,"column":47}},{"start":{"line":40,"column":6},"end":{"line":40,"column":48}}]},"2":{"loc":{"start":{"line":41,"column":19},"end":{"line":43,"column":48}},"type":"cond-expr","locations":[{"start":{"line":42,"column":6},"end":{"line":42,"column":47}},{"start":{"line":43,"column":6},"end":{"line":43,"column":48}}]},"3":{"loc":{"start":{"line":47,"column":15},"end":{"line":47,"column":null}},"type":"cond-expr","locations":[{"start":{"line":47,"column":27},"end":{"line":47,"column":36}},{"start":{"line":47,"column":36},"end":{"line":47,"column":null}}]},"4":{"loc":{"start":{"line":57,"column":16},"end":{"line":57,"column":93}},"type":"cond-expr","locations":[{"start":{"line":57,"column":27},"end":{"line":57,"column":58}},{"start":{"line":57,"column":61},"end":{"line":57,"column":93}}]},"5":{"loc":{"start":{"line":64,"column":2},"end":{"line":66,"column":null}},"type":"if","locations":[{"start":{"line":64,"column":2},"end":{"line":66,"column":null}},{"start":{},"end":{}}]},"6":{"loc":{"start":{"line":69,"column":9},"end":{"line":69,"column":null}},"type":"binary-expr","locations":[{"start":{"line":69,"column":9},"end":{"line":69,"column":26}},{"start":{"line":69,"column":26},"end":{"line":69,"column":null}}]},"7":{"loc":{"start":{"line":115,"column":20},"end":{"line":115,"column":null}},"type":"cond-expr","locations":[{"start":{"line":115,"column":37},"end":{"line":115,"column":56}},{"start":{"line":115,"column":56},"end":{"line":115,"column":null}}]},"8":{"loc":{"start":{"line":123,"column":6},"end":{"line":132,"column":null}},"type":"if","locations":[{"start":{"line":123,"column":6},"end":{"line":132,"column":null}},{"start":{},"end":{}}]},"9":{"loc":{"start":{"line":126,"column":10},"end":{"line":128,"column":null}},"type":"binary-expr","locations":[{"start":{"line":126,"column":10},"end":{"line":126,"column":null}},{"start":{"line":127,"column":10},"end":{"line":127,"column":null}},{"start":{"line":128,"column":10},"end":{"line":128,"column":null}}]},"10":{"loc":{"start":{"line":129,"column":8},"end":{"line":131,"column":null}},"type":"if","locations":[{"start":{"line":129,"column":8},"end":{"line":131,"column":null}},{"start":{},"end":{}}]},"11":{"loc":{"start":{"line":133,"column":6},"end":{"line":135,"column":null}},"type":"if","locations":[{"start":{"line":133,"column":6},"end":{"line":135,"column":null}},{"start":{},"end":{}}]},"12":{"loc":{"start":{"line":133,"column":10},"end":{"line":133,"column":61}},"type":"binary-expr","locations":[{"start":{"line":133,"column":10},"end":{"line":133,"column":28}},{"start":{"line":133,"column":28},"end":{"line":133,"column":61}}]},"13":{"loc":{"start":{"line":136,"column":6},"end":{"line":138,"column":null}},"type":"if","locations":[{"start":{"line":136,"column":6},"end":{"line":138,"column":null}},{"start":{},"end":{}}]},"14":{"loc":{"start":{"line":136,"column":10},"end":{"line":136,"column":68}},"type":"binary-expr","locations":[{"start":{"line":136,"column":10},"end":{"line":136,"column":25}},{"start":{"line":136,"column":25},"end":{"line":136,"column":68}}]},"15":{"loc":{"start":{"line":139,"column":6},"end":{"line":141,"column":null}},"type":"if","locations":[{"start":{"line":139,"column":6},"end":{"line":141,"column":null}},{"start":{},"end":{}}]},"16":{"loc":{"start":{"line":139,"column":10},"end":{"line":139,"column":67}},"type":"binary-expr","locations":[{"start":{"line":139,"column":10},"end":{"line":139,"column":25}},{"start":{"line":139,"column":25},"end":{"line":139,"column":67}}]},"17":{"loc":{"start":{"line":142,"column":6},"end":{"line":147,"column":null}},"type":"if","locations":[{"start":{"line":142,"column":6},"end":{"line":147,"column":null}},{"start":{},"end":{}}]},"18":{"loc":{"start":{"line":143,"column":8},"end":{"line":144,"column":null}},"type":"binary-expr","locations":[{"start":{"line":143,"column":8},"end":{"line":143,"column":null}},{"start":{"line":144,"column":8},"end":{"line":144,"column":null}}]},"19":{"loc":{"start":{"line":144,"column":9},"end":{"line":144,"column":27}},"type":"binary-expr","locations":[{"start":{"line":144,"column":9},"end":{"line":144,"column":22}},{"start":{"line":144,"column":26},"end":{"line":144,"column":27}}]},"20":{"loc":{"start":{"line":154,"column":4},"end":{"line":163,"column":null}},"type":"switch","locations":[{"start":{"line":155,"column":6},"end":{"line":156,"column":null}},{"start":{"line":157,"column":6},"end":{"line":158,"column":null}},{"start":{"line":159,"column":6},"end":{"line":160,"column":null}},{"start":{"line":161,"column":6},"end":{"line":162,"column":null}}]},"21":{"loc":{"start":{"line":160,"column":36},"end":{"line":160,"column":62}},"type":"binary-expr","locations":[{"start":{"line":160,"column":36},"end":{"line":160,"column":52}},{"start":{"line":160,"column":56},"end":{"line":160,"column":62}}]},"22":{"loc":{"start":{"line":160,"column":62},"end":{"line":160,"column":null}},"type":"binary-expr","locations":[{"start":{"line":160,"column":62},"end":{"line":160,"column":78}},{"start":{"line":160,"column":82},"end":{"line":160,"column":null}}]},"23":{"loc":{"start":{"line":202,"column":8},"end":{"line":204,"column":null}},"type":"if","locations":[{"start":{"line":202,"column":8},"end":{"line":204,"column":null}},{"start":{},"end":{}}]},"24":{"loc":{"start":{"line":202,"column":12},"end":{"line":202,"column":64}},"type":"binary-expr","locations":[{"start":{"line":202,"column":12},"end":{"line":202,"column":48}},{"start":{"line":202,"column":48},"end":{"line":202,"column":64}}]},"25":{"loc":{"start":{"line":209,"column":6},"end":{"line":222,"column":null}},"type":"if","locations":[{"start":{"line":209,"column":6},"end":{"line":222,"column":null}},{"start":{},"end":{}}]},"26":{"loc":{"start":{"line":209,"column":10},"end":{"line":209,"column":81}},"type":"binary-expr","locations":[{"start":{"line":209,"column":10},"end":{"line":209,"column":35}},{"start":{"line":209,"column":35},"end":{"line":209,"column":81}}]},"27":{"loc":{"start":{"line":214,"column":14},"end":{"line":216,"column":null}},"type":"cond-expr","locations":[{"start":{"line":215,"column":18},"end":{"line":215,"column":null}},{"start":{"line":216,"column":18},"end":{"line":216,"column":null}}]},"28":{"loc":{"start":{"line":236,"column":4},"end":{"line":238,"column":null}},"type":"if","locations":[{"start":{"line":236,"column":4},"end":{"line":238,"column":null}},{"start":{},"end":{}}]},"29":{"loc":{"start":{"line":255,"column":7},"end":{"line":255,"column":18}},"type":"binary-expr","locations":[{"start":{"line":255,"column":7},"end":{"line":255,"column":18}},{"start":{"line":255,"column":18},"end":{"line":255,"column":null}}]},"30":{"loc":{"start":{"line":259,"column":14},"end":{"line":261,"column":null}},"type":"cond-expr","locations":[{"start":{"line":260,"column":18},"end":{"line":260,"column":null}},{"start":{"line":261,"column":18},"end":{"line":261,"column":null}}]},"31":{"loc":{"start":{"line":267,"column":48},"end":{"line":267,"column":126}},"type":"cond-expr","locations":[{"start":{"line":267,"column":83},"end":{"line":267,"column":104}},{"start":{"line":267,"column":104},"end":{"line":267,"column":126}}]},"32":{"loc":{"start":{"line":267,"column":126},"end":{"line":267,"column":162}},"type":"cond-expr","locations":[{"start":{"line":267,"column":145},"end":{"line":267,"column":158}},{"start":{"line":267,"column":158},"end":{"line":267,"column":162}}]},"33":{"loc":{"start":{"line":279,"column":50},"end":{"line":279,"column":86}},"type":"cond-expr","locations":[{"start":{"line":279,"column":69},"end":{"line":279,"column":82}},{"start":{"line":279,"column":82},"end":{"line":279,"column":86}}]},"34":{"loc":{"start":{"line":315,"column":15},"end":{"line":315,"column":null}},"type":"cond-expr","locations":[{"start":{"line":315,"column":35},"end":{"line":315,"column":48}},{"start":{"line":315,"column":48},"end":{"line":315,"column":null}}]},"35":{"loc":{"start":{"line":318,"column":18},"end":{"line":320,"column":null}},"type":"cond-expr","locations":[{"start":{"line":319,"column":22},"end":{"line":319,"column":null}},{"start":{"line":320,"column":22},"end":{"line":320,"column":null}}]},"36":{"loc":{"start":{"line":367,"column":66},"end":{"line":367,"column":166}},"type":"cond-expr","locations":[{"start":{"line":367,"column":80},"end":{"line":367,"column":162}},{"start":{"line":367,"column":162},"end":{"line":367,"column":166}}]},"37":{"loc":{"start":{"line":378,"column":15},"end":{"line":378,"column":null}},"type":"binary-expr","locations":[{"start":{"line":378,"column":15},"end":{"line":378,"column":null}}]},"38":{"loc":{"start":{"line":387,"column":11},"end":{"line":387,"column":null}},"type":"binary-expr","locations":[{"start":{"line":387,"column":11},"end":{"line":387,"column":null}}]},"39":{"loc":{"start":{"line":469,"column":30},"end":{"line":469,"column":null}},"type":"binary-expr","locations":[{"start":{"line":469,"column":30},"end":{"line":469,"column":57}},{"start":{"line":469,"column":57},"end":{"line":469,"column":null}}]},"40":{"loc":{"start":{"line":528,"column":10},"end":{"line":534,"column":11}},"type":"cond-expr","locations":[{"start":{"line":528,"column":10},"end":{"line":534,"column":11}}]},"41":{"loc":{"start":{"line":536,"column":14},"end":{"line":543,"column":15}},"type":"cond-expr","locations":[{"start":{"line":536,"column":14},"end":{"line":543,"column":15}}]},"42":{"loc":{"start":{"line":535,"column":13},"end":{"line":535,"column":null}},"type":"binary-expr","locations":[{"start":{"line":535,"column":13},"end":{"line":535,"column":38}},{"start":{"line":535,"column":38},"end":{"line":535,"column":null}}]},"43":{"loc":{"start":{"line":549,"column":9},"end":{"line":549,"column":null}},"type":"binary-expr","locations":[{"start":{"line":549,"column":9},"end":{"line":549,"column":null}}]},"44":{"loc":{"start":{"line":576,"column":20},"end":{"line":578,"column":null}},"type":"if","locations":[{"start":{"line":576,"column":20},"end":{"line":578,"column":null}},{"start":{},"end":{}}]},"45":{"loc":{"start":{"line":576,"column":24},"end":{"line":576,"column":59}},"type":"binary-expr","locations":[{"start":{"line":576,"column":24},"end":{"line":576,"column":38}},{"start":{"line":576,"column":38},"end":{"line":576,"column":59}}]},"46":{"loc":{"start":{"line":579,"column":20},"end":{"line":581,"column":null}},"type":"if","locations":[{"start":{"line":579,"column":20},"end":{"line":581,"column":null}},{"start":{},"end":{}}]},"47":{"loc":{"start":{"line":585,"column":20},"end":{"line":587,"column":null}},"type":"if","locations":[{"start":{"line":585,"column":20},"end":{"line":587,"column":null}},{"start":{},"end":{}}]},"48":{"loc":{"start":{"line":585,"column":24},"end":{"line":585,"column":60}},"type":"binary-expr","locations":[{"start":{"line":585,"column":24},"end":{"line":585,"column":35}},{"start":{"line":585,"column":35},"end":{"line":585,"column":60}}]},"49":{"loc":{"start":{"line":592,"column":20},"end":{"line":598,"column":null}},"type":"cond-expr","locations":[{"start":{"line":593,"column":22},"end":{"line":593,"column":52}},{"start":{"line":597,"column":22},"end":{"line":598,"column":null}}]},"50":{"loc":{"start":{"line":601,"column":26},"end":{"line":603,"column":null}},"type":"cond-expr","locations":[{"start":{"line":602,"column":30},"end":{"line":602,"column":null}},{"start":{"line":603,"column":30},"end":{"line":603,"column":null}}]}},"s":{"0":0,"1":0,"2":0,"3":0,"4":0,"5":0,"6":0,"7":0,"8":0,"9":0,"10":0,"11":0,"12":0,"13":0,"14":0,"15":0,"16":0,"17":0,"18":0,"19":0,"20":0,"21":0,"22":0,"23":0,"24":0,"25":0,"26":0,"27":0,"28":0,"29":0,"30":0,"31":0,"32":0,"33":0,"34":0,"35":0,"36":0,"37":0,"38":0,"39":0,"40":0,"41":0,"42":0,"43":0,"44":0,"45":0,"46":0,"47":0,"48":0,"49":0,"50":0,"51":0,"52":0,"53":0,"54":0,"55":0,"56":0,"57":0,"58":0,"59":0,"60":0,"61":0,"62":0,"63":0,"64":0,"65":0,"66":0,"67":0,"68":0,"69":0,"70":0,"71":0,"72":0,"73":0,"74":0,"75":0,"76":0,"77":0,"78":0,"79":0,"80":0,"81":0,"82":0,"83":0,"84":0,"85":0,"86":0,"87":0,"88":0,"89":0,"90":0,"91":0,"92":0,"93":0,"94":0,"95":0,"96":0,"97":0,"98":0,"99":0,"100":0,"101":0,"102":0,"103":0,"104":0,"105":0,"106":0,"107":0,"108":0,"109":0,"110":0,"111":0,"112":0,"113":0,"114":0,"115":0,"116":0,"117":0,"118":0,"119":0,"120":0,"121":0,"122":0,"123":0,"124":0,"125":0,"126":0,"127":0,"128":0,"129":0,"130":0,"131":0,"132":0,"133":0,"134":0,"135":0,"136":0,"137":0,"138":0,"139":0,"140":0,"141":0,"142":0,"143":0,"144":0,"145":0,"146":0,"147":0,"148":0,"149":0,"150":0,"151":0,"152":0,"153":0,"154":0,"155":0,"156":0,"157":0,"158":0,"159":0,"160":0,"161":0,"162":0,"163":0},"f":{"0":0,"1":0,"2":0,"3":0,"4":0,"5":0,"6":0,"7":0,"8":0,"9":0,"10":0,"11":0,"12":0,"13":0,"14":0,"15":0,"16":0,"17":0,"18":0,"19":0,"20":0,"21":0,"22":0,"23":0,"24":0,"25":0,"26":0,"27":0,"28":0,"29":0,"30":0,"31":0,"32":0,"33":0,"34":0,"35":0,"36":0,"37":0,"38":0,"39":0,"40":0,"41":0,"42":0,"43":0,"44":0,"45":0,"46":0,"47":0,"48":0,"49":0,"50":0,"51":0,"52":0,"53":0,"54":0},"b":{"0":[0],"1":[0,0],"2":[0,0],"3":[0,0],"4":[0,0],"5":[0,0],"6":[0,0],"7":[0,0],"8":[0,0],"9":[0,0,0],"10":[0,0],"11":[0,0],"12":[0,0],"13":[0,0],"14":[0,0],"15":[0,0],"16":[0,0],"17":[0,0],"18":[0,0],"19":[0,0],"20":[0,0,0,0],"21":[0,0],"22":[0,0],"23":[0,0],"24":[0,0],"25":[0,0],"26":[0,0],"27":[0,0],"28":[0,0],"29":[0,0],"30":[0,0],"31":[0,0],"32":[0,0],"33":[0,0],"34":[0,0],"35":[0,0],"36":[0,0],"37":[0],"38":[0],"39":[0,0],"40":[0],"41":[0],"42":[0,0],"43":[0],"44":[0,0],"45":[0,0],"46":[0,0],"47":[0,0],"48":[0,0],"49":[0,0],"50":[0,0]}}
,"/Users/jeff/repos/jeff/valley-of-ai/app/robots.js": {"path":"/Users/jeff/repos/jeff/valley-of-ai/app/robots.js","statementMap":{"0":{"start":{"line":3,"column":24},"end":{"line":3,"column":null}},"1":{"start":{"line":1,"column":17},"end":{"line":1,"column":null}},"2":{"start":{"line":4,"column":2},"end":{"line":10,"column":null}}},"fnMap":{"0":{"name":"robots","decl":{"start":{"line":3,"column":24},"end":{"line":3,"column":null}},"loc":{"start":{"line":3,"column":24},"end":{"line":11,"column":null}}}},"branchMap":{"0":{"loc":{"start":{"line":1,"column":17},"end":{"line":1,"column":null}},"type":"binary-expr","locations":[{"start":{"line":1,"column":17},"end":{"line":1,"column":49}},{"start":{"line":1,"column":53},"end":{"line":1,"column":null}}]}},"s":{"0":0,"1":0,"2":0},"f":{"0":0},"b":{"0":[0,0]}}
,"/Users/jeff/repos/jeff/valley-of-ai/app/sitemap.js": {"path":"/Users/jeff/repos/jeff/valley-of-ai/app/sitemap.js","statementMap":{"0":{"start":{"line":5,"column":24},"end":{"line":5,"column":null}},"1":{"start":{"line":1,"column":21},"end":{"line":1,"column":null}},"2":{"start":{"line":3,"column":17},"end":{"line":3,"column":null}},"3":{"start":{"line":6,"column":21},"end":{"line":11,"column":null}},"4":{"start":{"line":6,"column":44},"end":{"line":11,"column":null}},"5":{"start":{"line":13,"column":2},"end":{"line":27,"column":null}}},"fnMap":{"0":{"name":"sitemap","decl":{"start":{"line":5,"column":24},"end":{"line":5,"column":null}},"loc":{"start":{"line":5,"column":24},"end":{"line":28,"column":null}}},"1":{"name":"(anonymous_3)","decl":{"start":{"line":6,"column":34},"end":{"line":6,"column":35}},"loc":{"start":{"line":6,"column":44},"end":{"line":11,"column":null}}}},"branchMap":{"0":{"loc":{"start":{"line":3,"column":17},"end":{"line":3,"column":null}},"type":"binary-expr","locations":[{"start":{"line":3,"column":17},"end":{"line":3,"column":49}},{"start":{"line":3,"column":53},"end":{"line":3,"column":null}}]},"1":{"loc":{"start":{"line":8,"column":18},"end":{"line":8,"column":null}},"type":"cond-expr","locations":[{"start":{"line":8,"column":34},"end":{"line":8,"column":60}},{"start":{"line":8,"column":60},"end":{"line":8,"column":null}}]}},"s":{"0":0,"1":0,"2":0,"3":0,"4":0,"5":0},"f":{"0":0,"1":0},"b":{"0":[0,0],"1":[0,0]}}
,"/Users/jeff/repos/jeff/valley-of-ai/app/apps/[...id]/page.jsx": {"path":"/Users/jeff/repos/jeff/valley-of-ai/app/apps/[...id]/page.jsx","statementMap":{"0":{"start":{"line":10,"column":24},"end":{"line":10,"column":38}},"1":{"start":{"line":3,"column":17},"end":{"line":3,"column":null}},"2":{"start":{"line":4,"column":25},"end":{"line":4,"column":null}},"3":{"start":{"line":5,"column":25},"end":{"line":5,"column":null}},"4":{"start":{"line":6,"column":20},"end":{"line":6,"column":null}},"5":{"start":{"line":8,"column":21},"end":{"line":8,"column":null}},"6":{"start":{"line":11,"column":29},"end":{"line":11,"column":null}},"7":{"start":{"line":12,"column":13},"end":{"line":12,"column":null}},"8":{"start":{"line":14,"column":14},"end":{"line":14,"column":null}},"9":{"start":{"line":14,"column":35},"end":{"line":14,"column":null}},"10":{"start":{"line":16,"column":2},"end":{"line":18,"column":null}},"11":{"start":{"line":17,"column":4},"end":{"line":17,"column":null}},"12":{"start":{"line":24,"column":61},"end":{"line":24,"column":null}},"13":{"start":{"line":26,"column":24},"end":{"line":32,"column":null}},"14":{"start":{"line":35,"column":4},"end":{"line":37,"column":null}},"15":{"start":{"line":74,"column":18},"end":{"line":74,"column":null}},"16":{"start":{"line":134,"column":16},"end":{"line":135,"column":null}}},"fnMap":{"0":{"name":"AppDetailPage","decl":{"start":{"line":10,"column":24},"end":{"line":10,"column":38}},"loc":{"start":{"line":10,"column":48},"end":{"line":21,"column":null}}},"1":{"name":"(anonymous_3)","decl":{"start":{"line":14,"column":28},"end":{"line":14,"column":29}},"loc":{"start":{"line":14,"column":35},"end":{"line":14,"column":null}}},"2":{"name":"AppDetailContent","decl":{"start":{"line":23,"column":9},"end":{"line":23,"column":26}},"loc":{"start":{"line":23,"column":37},"end":{"line":216,"column":null}}},"3":{"name":"(anonymous_5)","decl":{"start":{"line":73,"column":25},"end":{"line":73,"column":26}},"loc":{"start":{"line":73,"column":26},"end":{"line":75,"column":null}}},"4":{"name":"(anonymous_6)","decl":{"start":{"line":133,"column":28},"end":{"line":133,"column":29}},"loc":{"start":{"line":134,"column":16},"end":{"line":135,"column":null}}}},"branchMap":{"0":{"loc":{"start":{"line":16,"column":2},"end":{"line":18,"column":null}},"type":"if","locations":[{"start":{"line":16,"column":2},"end":{"line":18,"column":null}},{"start":{},"end":{}}]},"1":{"loc":{"start":{"line":35,"column":4},"end":{"line":37,"column":null}},"type":"cond-expr","locations":[{"start":{"line":36,"column":8},"end":{"line":36,"column":null}},{"start":{"line":37,"column":8},"end":{"line":37,"column":null}}]},"2":{"loc":{"start":{"line":35,"column":4},"end":{"line":35,"column":null}},"type":"binary-expr","locations":[{"start":{"line":35,"column":4},"end":{"line":35,"column":33}},{"start":{"line":35,"column":33},"end":{"line":35,"column":null}}]},"3":{"loc":{"start":{"line":68,"column":13},"end":{"line":68,"column":29}},"type":"binary-expr","locations":[{"start":{"line":68,"column":13},"end":{"line":68,"column":29}}]},"4":{"loc":{"start":{"line":95,"column":28},"end":{"line":95,"column":null}},"type":"binary-expr","locations":[{"start":{"line":95,"column":28},"end":{"line":95,"column":40}},{"start":{"line":95,"column":40},"end":{"line":95,"column":52}},{"start":{"line":95,"column":52},"end":{"line":95,"column":null}}]},"5":{"loc":{"start":{"line":97,"column":20},"end":{"line":99,"column":null}},"type":"cond-expr","locations":[{"start":{"line":98,"column":24},"end":{"line":98,"column":null}},{"start":{"line":99,"column":24},"end":{"line":99,"column":null}}]},"6":{"loc":{"start":{"line":100,"column":22},"end":{"line":100,"column":52}},"type":"cond-expr","locations":[{"start":{"line":100,"column":33},"end":{"line":100,"column":48}},{"start":{"line":100,"column":48},"end":{"line":100,"column":52}}]},"7":{"loc":{"start":{"line":104,"column":26},"end":{"line":104,"column":null}},"type":"cond-expr","locations":[{"start":{"line":104,"column":37},"end":{"line":104,"column":54}},{"start":{"line":104,"column":54},"end":{"line":104,"column":null}}]},"8":{"loc":{"start":{"line":110,"column":19},"end":{"line":110,"column":87}},"type":"cond-expr","locations":[{"start":{"line":110,"column":31},"end":{"line":110,"column":39}},{"start":{"line":110,"column":39},"end":{"line":110,"column":87}}]},"9":{"loc":{"start":{"line":110,"column":59},"end":{"line":110,"column":87}},"type":"cond-expr","locations":[{"start":{"line":110,"column":77},"end":{"line":110,"column":83}},{"start":{"line":110,"column":83},"end":{"line":110,"column":87}}]},"10":{"loc":{"start":{"line":131,"column":11},"end":{"line":131,"column":19}},"type":"binary-expr","locations":[{"start":{"line":131,"column":11},"end":{"line":131,"column":19}},{"start":{"line":131,"column":23},"end":{"line":131,"column":null}}]},"11":{"loc":{"start":{"line":146,"column":9},"end":{"line":146,"column":23}},"type":"binary-expr","locations":[{"start":{"line":146,"column":9},"end":{"line":146,"column":23}}]},"12":{"loc":{"start":{"line":178,"column":15},"end":{"line":178,"column":null}},"type":"binary-expr","locations":[{"start":{"line":178,"column":15},"end":{"line":178,"column":null}}]},"13":{"loc":{"start":{"line":186,"column":15},"end":{"line":186,"column":35}},"type":"binary-expr","locations":[{"start":{"line":186,"column":15},"end":{"line":186,"column":35}}]},"14":{"loc":{"start":{"line":194,"column":15},"end":{"line":194,"column":43}},"type":"binary-expr","locations":[{"start":{"line":194,"column":15},"end":{"line":194,"column":43}}]},"15":{"loc":{"start":{"line":202,"column":15},"end":{"line":202,"column":44}},"type":"binary-expr","locations":[{"start":{"line":202,"column":15},"end":{"line":202,"column":44}}]}},"s":{"0":0,"1":0,"2":0,"3":0,"4":0,"5":0,"6":0,"7":0,"8":0,"9":0,"10":0,"11":0,"12":0,"13":0,"14":0,"15":0,"16":0},"f":{"0":0,"1":0,"2":0,"3":0,"4":0},"b":{"0":[0,0],"1":[0,0],"2":[0,0],"3":[0],"4":[0,0,0],"5":[0,0],"6":[0,0],"7":[0,0],"8":[0,0],"9":[0,0],"10":[0,0],"11":[0],"12":[0],"13":[0],"14":[0],"15":[0]}}
,"/Users/jeff/repos/jeff/valley-of-ai/app/logs/page.jsx": {"path":"/Users/jeff/repos/jeff/valley-of-ai/app/logs/page.jsx","statementMap":{"0":{"start":{"line":223,"column":24},"end":{"line":223,"column":null}},"1":{"start":{"line":3,"column":45},"end":{"line":3,"column":null}},"2":{"start":{"line":5,"column":18},"end":{"line":18,"column":null}},"3":{"start":{"line":20,"column":22},"end":{"line":29,"column":null}},"4":{"start":{"line":32,"column":2},"end":{"line":34,"column":null}},"5":{"start":{"line":33,"column":4},"end":{"line":33,"column":null}},"6":{"start":{"line":35,"column":2},"end":{"line":37,"column":null}},"7":{"start":{"line":36,"column":4},"end":{"line":36,"column":null}},"8":{"start":{"line":38,"column":2},"end":{"line":40,"column":null}},"9":{"start":{"line":39,"column":4},"end":{"line":39,"column":null}},"10":{"start":{"line":41,"column":2},"end":{"line":41,"column":null}},"11":{"start":{"line":45,"column":15},"end":{"line":45,"column":null}},"12":{"start":{"line":46,"column":2},"end":{"line":50,"column":null}},"13":{"start":{"line":54,"column":21},"end":{"line":54,"column":67}},"14":{"start":{"line":65,"column":19},"end":{"line":65,"column":null}},"15":{"start":{"line":99,"column":14},"end":{"line":99,"column":30}},"16":{"start":{"line":123,"column":34},"end":{"line":123,"column":null}},"17":{"start":{"line":125,"column":21},"end":{"line":125,"column":null}},"18":{"start":{"line":125,"column":41},"end":{"line":125,"column":null}},"19":{"start":{"line":126,"column":19},"end":{"line":126,"column":null}},"20":{"start":{"line":126,"column":39},"end":{"line":126,"column":null}},"21":{"start":{"line":127,"column":22},"end":{"line":127,"column":null}},"22":{"start":{"line":127,"column":44},"end":{"line":127,"column":null}},"23":{"start":{"line":129,"column":17},"end":{"line":129,"column":null}},"24":{"start":{"line":130,"column":20},"end":{"line":130,"column":null}},"25":{"start":{"line":131,"column":19},"end":{"line":131,"column":null}},"26":{"start":{"line":141,"column":23},"end":{"line":141,"column":null}},"27":{"start":{"line":194,"column":12},"end":{"line":194,"column":69}},"28":{"start":{"line":224,"column":26},"end":{"line":224,"column":null}},"29":{"start":{"line":225,"column":32},"end":{"line":225,"column":null}},"30":{"start":{"line":226,"column":28},"end":{"line":226,"column":null}},"31":{"start":{"line":227,"column":42},"end":{"line":230,"column":null}},"32":{"start":{"line":228,"column":18},"end":{"line":228,"column":null}},"33":{"start":{"line":229,"column":4},"end":{"line":229,"column":null}},"34":{"start":{"line":231,"column":42},"end":{"line":231,"column":null}},"35":{"start":{"line":233,"column":20},"end":{"line":236,"column":null}},"36":{"start":{"line":234,"column":31},"end":{"line":234,"column":null}},"37":{"start":{"line":235,"column":4},"end":{"line":235,"column":null}},"38":{"start":{"line":238,"column":2},"end":{"line":278,"column":null}},"39":{"start":{"line":240,"column":6},"end":{"line":240,"column":null}},"40":{"start":{"line":241,"column":6},"end":{"line":241,"column":null}},"41":{"start":{"line":243,"column":6},"end":{"line":274,"column":null}},"42":{"start":{"line":244,"column":37},"end":{"line":244,"column":null}},"43":{"start":{"line":245,"column":25},"end":{"line":245,"column":null}},"44":{"start":{"line":247,"column":8},"end":{"line":253,"column":null}},"45":{"start":{"line":248,"column":10},"end":{"line":251,"column":null}},"46":{"start":{"line":249,"column":12},"end":{"line":249,"column":null}},"47":{"start":{"line":250,"column":12},"end":{"line":250,"column":null}},"48":{"start":{"line":252,"column":10},"end":{"line":252,"column":null}},"49":{"start":{"line":255,"column":21},"end":{"line":255,"column":null}},"50":{"start":{"line":256,"column":24},"end":{"line":266,"column":null}},"51":{"start":{"line":258,"column":28},"end":{"line":258,"column":null}},"52":{"start":{"line":260,"column":12},"end":{"line":264,"column":null}},"53":{"start":{"line":261,"column":14},"end":{"line":261,"column":null}},"54":{"start":{"line":263,"column":14},"end":{"line":263,"column":null}},"55":{"start":{"line":268,"column":8},"end":{"line":268,"column":null}},"56":{"start":{"line":270,"column":8},"end":{"line":270,"column":null}},"57":{"start":{"line":271,"column":8},"end":{"line":271,"column":null}},"58":{"start":{"line":273,"column":8},"end":{"line":273,"column":null}},"59":{"start":{"line":277,"column":4},"end":{"line":277,"column":null}},"60":{"start":{"line":280,"column":23},"end":{"line":322,"column":null}},"61":{"start":{"line":281,"column":20},"end":{"line":281,"column":null}},"62":{"start":{"line":283,"column":4},"end":{"line":311,"column":null}},"63":{"start":{"line":284,"column":20},"end":{"line":284,"column":31}},"64":{"start":{"line":285,"column":6},"end":{"line":287,"column":null}},"65":{"start":{"line":286,"column":8},"end":{"line":286,"column":null}},"66":{"start":{"line":289,"column":6},"end":{"line":297,"column":null}},"67":{"start":{"line":290,"column":8},"end":{"line":296,"column":null}},"68":{"start":{"line":299,"column":18},"end":{"line":299,"column":null}},"69":{"start":{"line":300,"column":6},"end":{"line":300,"column":null}},"70":{"start":{"line":302,"column":6},"end":{"line":304,"column":null}},"71":{"start":{"line":303,"column":8},"end":{"line":303,"column":null}},"72":{"start":{"line":305,"column":6},"end":{"line":307,"column":null}},"73":{"start":{"line":306,"column":8},"end":{"line":306,"column":null}},"74":{"start":{"line":308,"column":6},"end":{"line":310,"column":null}},"75":{"start":{"line":309,"column":8},"end":{"line":309,"column":null}},"76":{"start":{"line":313,"column":4},"end":{"line":315,"column":null}},"77":{"start":{"line":314,"column":6},"end":{"line":314,"column":null}},"78":{"start":{"line":314,"column":33},"end":{"line":314,"column":null}},"79":{"start":{"line":317,"column":4},"end":{"line":321,"column":null}},"80":{"start":{"line":318,"column":20},"end":{"line":318,"column":null}},"81":{"start":{"line":319,"column":20},"end":{"line":319,"column":null}},"82":{"start":{"line":320,"column":6},"end":{"line":320,"column":null}},"83":{"start":{"line":324,"column":31},"end":{"line":344,"column":null}},"84":{"start":{"line":325,"column":4},"end":{"line":327,"column":null}},"85":{"start":{"line":326,"column":6},"end":{"line":326,"column":null}},"86":{"start":{"line":329,"column":4},"end":{"line":343,"column":null}},"87":{"start":{"line":330,"column":23},"end":{"line":330,"column":null}},"88":{"start":{"line":330,"column":47},"end":{"line":330,"column":null}},"89":{"start":{"line":331,"column":21},"end":{"line":331,"column":null}},"90":{"start":{"line":333,"column":6},"end":{"line":335,"column":null}},"91":{"start":{"line":334,"column":8},"end":{"line":334,"column":null}},"92":{"start":{"line":336,"column":6},"end":{"line":338,"column":null}},"93":{"start":{"line":337,"column":8},"end":{"line":337,"column":null}},"94":{"start":{"line":339,"column":6},"end":{"line":341,"column":null}},"95":{"start":{"line":340,"column":8},"end":{"line":340,"column":null}},"96":{"start":{"line":342,"column":6},"end":{"line":342,"column":null}},"97":{"start":{"line":346,"column":16},"end":{"line":367,"column":null}},"98":{"start":{"line":347,"column":18},"end":{"line":347,"column":null}},"99":{"start":{"line":348,"column":15},"end":{"line":348,"column":null}},"100":{"start":{"line":349,"column":19},"end":{"line":349,"column":null}},"101":{"start":{"line":350,"column":20},"end":{"line":350,"column":null}},"102":{"start":{"line":351,"column":22},"end":{"line":351,"column":null}},"103":{"start":{"line":353,"column":4},"end":{"line":364,"column":null}},"104":{"start":{"line":354,"column":23},"end":{"line":354,"column":null}},"105":{"start":{"line":354,"column":47},"end":{"line":354,"column":null}},"106":{"start":{"line":355,"column":6},"end":{"line":363,"column":null}},"107":{"start":{"line":356,"column":8},"end":{"line":356,"column":null}},"108":{"start":{"line":357,"column":13},"end":{"line":363,"column":null}},"109":{"start":{"line":358,"column":8},"end":{"line":358,"column":null}},"110":{"start":{"line":359,"column":8},"end":{"line":359,"column":null}},"111":{"start":{"line":360,"column":8},"end":{"line":360,"column":null}},"112":{"start":{"line":362,"column":8},"end":{"line":362,"column":null}},"113":{"start":{"line":366,"column":4},"end":{"line":366,"column":null}},"114":{"start":{"line":386,"column":29},"end":{"line":386,"column":null}},"115":{"start":{"line":397,"column":29},"end":{"line":397,"column":null}},"116":{"start":{"line":458,"column":10},"end":{"line":458,"column":43}}},"fnMap":{"0":{"name":"formatDuration","decl":{"start":{"line":31,"column":9},"end":{"line":31,"column":24}},"loc":{"start":{"line":31,"column":26},"end":{"line":42,"column":null}}},"1":{"name":"formatTimestamp","decl":{"start":{"line":44,"column":9},"end":{"line":44,"column":25}},"loc":{"start":{"line":44,"column":27},"end":{"line":51,"column":null}}},"2":{"name":"StatusBadge","decl":{"start":{"line":53,"column":9},"end":{"line":53,"column":21}},"loc":{"start":{"line":53,"column":31},"end":{"line":62,"column":null}}},"3":{"name":"StepRow","decl":{"start":{"line":64,"column":9},"end":{"line":64,"column":17}},"loc":{"start":{"line":64,"column":26},"end":{"line":120,"column":null}}},"4":{"name":"(anonymous_5)","decl":{"start":{"line":98,"column":47},"end":{"line":98,"column":48}},"loc":{"start":{"line":99,"column":14},"end":{"line":99,"column":30}}},"5":{"name":"TransactionCard","decl":{"start":{"line":122,"column":9},"end":{"line":122,"column":25}},"loc":{"start":{"line":122,"column":49},"end":{"line":221,"column":null}}},"6":{"name":"(anonymous_7)","decl":{"start":{"line":125,"column":34},"end":{"line":125,"column":35}},"loc":{"start":{"line":125,"column":41},"end":{"line":125,"column":null}}},"7":{"name":"(anonymous_8)","decl":{"start":{"line":126,"column":32},"end":{"line":126,"column":33}},"loc":{"start":{"line":126,"column":39},"end":{"line":126,"column":null}}},"8":{"name":"(anonymous_9)","decl":{"start":{"line":127,"column":37},"end":{"line":127,"column":38}},"loc":{"start":{"line":127,"column":44},"end":{"line":127,"column":null}}},"9":{"name":"(anonymous_10)","decl":{"start":{"line":141,"column":17},"end":{"line":141,"column":23}},"loc":{"start":{"line":141,"column":23},"end":{"line":141,"column":null}}},"10":{"name":"(anonymous_11)","decl":{"start":{"line":193,"column":27},"end":{"line":193,"column":28}},"loc":{"start":{"line":194,"column":12},"end":{"line":194,"column":69}}},"11":{"name":"LogsPage","decl":{"start":{"line":223,"column":24},"end":{"line":223,"column":null}},"loc":{"start":{"line":223,"column":24},"end":{"line":462,"column":null}}},"12":{"name":"(anonymous_13)","decl":{"start":{"line":227,"column":51},"end":{"line":227,"column":null}},"loc":{"start":{"line":227,"column":51},"end":{"line":230,"column":null}}},"13":{"name":"(anonymous_14)","decl":{"start":{"line":233,"column":28},"end":{"line":233,"column":null}},"loc":{"start":{"line":233,"column":28},"end":{"line":236,"column":5}}},"14":{"name":"(anonymous_15)","decl":{"start":{"line":238,"column":12},"end":{"line":238,"column":null}},"loc":{"start":{"line":238,"column":12},"end":{"line":278,"column":5}}},"15":{"name":"fetchLogs","decl":{"start":{"line":239,"column":19},"end":{"line":239,"column":null}},"loc":{"start":{"line":239,"column":19},"end":{"line":275,"column":null}}},"16":{"name":"(anonymous_17)","decl":{"start":{"line":258,"column":18},"end":{"line":258,"column":19}},"loc":{"start":{"line":258,"column":28},"end":{"line":258,"column":null}}},"17":{"name":"(anonymous_18)","decl":{"start":{"line":259,"column":15},"end":{"line":259,"column":16}},"loc":{"start":{"line":259,"column":16},"end":{"line":265,"column":null}}},"18":{"name":"(anonymous_19)","decl":{"start":{"line":280,"column":31},"end":{"line":280,"column":null}},"loc":{"start":{"line":280,"column":31},"end":{"line":322,"column":5}}},"19":{"name":"(anonymous_20)","decl":{"start":{"line":314,"column":23},"end":{"line":314,"column":24}},"loc":{"start":{"line":314,"column":33},"end":{"line":314,"column":null}}},"20":{"name":"(anonymous_21)","decl":{"start":{"line":317,"column":45},"end":{"line":317,"column":46}},"loc":{"start":{"line":317,"column":49},"end":{"line":321,"column":null}}},"21":{"name":"(anonymous_22)","decl":{"start":{"line":324,"column":39},"end":{"line":324,"column":null}},"loc":{"start":{"line":324,"column":39},"end":{"line":344,"column":5}}},"22":{"name":"(anonymous_23)","decl":{"start":{"line":329,"column":31},"end":{"line":329,"column":32}},"loc":{"start":{"line":329,"column":32},"end":{"line":343,"column":null}}},"23":{"name":"(anonymous_24)","decl":{"start":{"line":330,"column":40},"end":{"line":330,"column":41}},"loc":{"start":{"line":330,"column":47},"end":{"line":330,"column":null}}},"24":{"name":"(anonymous_25)","decl":{"start":{"line":346,"column":24},"end":{"line":346,"column":null}},"loc":{"start":{"line":346,"column":24},"end":{"line":367,"column":5}}},"25":{"name":"(anonymous_26)","decl":{"start":{"line":354,"column":40},"end":{"line":354,"column":41}},"loc":{"start":{"line":354,"column":47},"end":{"line":354,"column":null}}},"26":{"name":"(anonymous_27)","decl":{"start":{"line":386,"column":22},"end":{"line":386,"column":23}},"loc":{"start":{"line":386,"column":29},"end":{"line":386,"column":null}}},"27":{"name":"(anonymous_28)","decl":{"start":{"line":397,"column":22},"end":{"line":397,"column":23}},"loc":{"start":{"line":397,"column":29},"end":{"line":397,"column":null}}},"28":{"name":"(anonymous_29)","decl":{"start":{"line":457,"column":33},"end":{"line":457,"column":34}},"loc":{"start":{"line":458,"column":10},"end":{"line":458,"column":43}}}},"branchMap":{"0":{"loc":{"start":{"line":32,"column":2},"end":{"line":34,"column":null}},"type":"if","locations":[{"start":{"line":32,"column":2},"end":{"line":34,"column":null}},{"start":{},"end":{}}]},"1":{"loc":{"start":{"line":35,"column":2},"end":{"line":37,"column":null}},"type":"if","locations":[{"start":{"line":35,"column":2},"end":{"line":37,"column":null}},{"start":{},"end":{}}]},"2":{"loc":{"start":{"line":38,"column":2},"end":{"line":40,"column":null}},"type":"if","locations":[{"start":{"line":38,"column":2},"end":{"line":40,"column":null}},{"start":{},"end":{}}]},"3":{"loc":{"start":{"line":54,"column":21},"end":{"line":54,"column":67}},"type":"binary-expr","locations":[{"start":{"line":54,"column":21},"end":{"line":54,"column":42}},{"start":{"line":54,"column":46},"end":{"line":54,"column":67}}]},"4":{"loc":{"start":{"line":65,"column":19},"end":{"line":65,"column":null}},"type":"binary-expr","locations":[{"start":{"line":65,"column":19},"end":{"line":65,"column":40}},{"start":{"line":65,"column":44},"end":{"line":65,"column":null}}]},"5":{"loc":{"start":{"line":70,"column":8},"end":{"line":76,"column":null}},"type":"cond-expr","locations":[{"start":{"line":71,"column":12},"end":{"line":71,"column":null}},{"start":{"line":72,"column":12},"end":{"line":76,"column":null}}]},"6":{"loc":{"start":{"line":72,"column":12},"end":{"line":76,"column":null}},"type":"cond-expr","locations":[{"start":{"line":73,"column":14},"end":{"line":73,"column":null}},{"start":{"line":74,"column":14},"end":{"line":76,"column":null}}]},"7":{"loc":{"start":{"line":74,"column":14},"end":{"line":76,"column":null}},"type":"cond-expr","locations":[{"start":{"line":75,"column":16},"end":{"line":75,"column":null}},{"start":{"line":76,"column":16},"end":{"line":76,"column":null}}]},"8":{"loc":{"start":{"line":84,"column":11},"end":{"line":84,"column":24}},"type":"binary-expr","locations":[{"start":{"line":84,"column":11},"end":{"line":84,"column":24}},{"start":{"line":84,"column":28},"end":{"line":84,"column":null}}]},"9":{"loc":{"start":{"line":90,"column":9},"end":{"line":90,"column":20}},"type":"binary-expr","locations":[{"start":{"line":90,"column":9},"end":{"line":90,"column":20}}]},"10":{"loc":{"start":{"line":96,"column":9},"end":{"line":96,"column":22}},"type":"binary-expr","locations":[{"start":{"line":96,"column":9},"end":{"line":96,"column":22}}]},"11":{"loc":{"start":{"line":101,"column":17},"end":{"line":101,"column":null}},"type":"cond-expr","locations":[{"start":{"line":101,"column":45},"end":{"line":101,"column":69}},{"start":{"line":101,"column":69},"end":{"line":101,"column":null}}]},"12":{"loc":{"start":{"line":109,"column":9},"end":{"line":109,"column":25}},"type":"binary-expr","locations":[{"start":{"line":109,"column":9},"end":{"line":109,"column":25}}]},"13":{"loc":{"start":{"line":110,"column":10},"end":{"line":110,"column":24}},"type":"binary-expr","locations":[{"start":{"line":110,"column":10},"end":{"line":110,"column":24}},{"start":{"line":110,"column":28},"end":{"line":110,"column":43}}]},"14":{"loc":{"start":{"line":112,"column":13},"end":{"line":112,"column":27}},"type":"binary-expr","locations":[{"start":{"line":112,"column":13},"end":{"line":112,"column":27}}]},"15":{"loc":{"start":{"line":113,"column":13},"end":{"line":113,"column":null}},"type":"binary-expr","locations":[{"start":{"line":113,"column":13},"end":{"line":113,"column":27}},{"start":{"line":113,"column":31},"end":{"line":113,"column":46}},{"start":{"line":113,"column":50},"end":{"line":113,"column":null}}]},"16":{"loc":{"start":{"line":114,"column":13},"end":{"line":114,"column":28}},"type":"binary-expr","locations":[{"start":{"line":114,"column":13},"end":{"line":114,"column":28}}]},"17":{"loc":{"start":{"line":129,"column":17},"end":{"line":129,"column":null}},"type":"binary-expr","locations":[{"start":{"line":129,"column":17},"end":{"line":129,"column":37}},{"start":{"line":129,"column":37},"end":{"line":129,"column":59}},{"start":{"line":129,"column":59},"end":{"line":129,"column":null}}]},"18":{"loc":{"start":{"line":136,"column":8},"end":{"line":136,"column":null}},"type":"cond-expr","locations":[{"start":{"line":136,"column":19},"end":{"line":136,"column":43}},{"start":{"line":136,"column":43},"end":{"line":136,"column":null}}]},"19":{"loc":{"start":{"line":136,"column":43},"end":{"line":136,"column":null}},"type":"cond-expr","locations":[{"start":{"line":136,"column":55},"end":{"line":136,"column":84}},{"start":{"line":136,"column":84},"end":{"line":136,"column":null}}]},"20":{"loc":{"start":{"line":145,"column":55},"end":{"line":145,"column":84}},"type":"cond-expr","locations":[{"start":{"line":145,"column":66},"end":{"line":145,"column":80}},{"start":{"line":145,"column":80},"end":{"line":145,"column":84}}]},"21":{"loc":{"start":{"line":157,"column":15},"end":{"line":157,"column":null}},"type":"binary-expr","locations":[{"start":{"line":157,"column":15},"end":{"line":157,"column":32}},{"start":{"line":157,"column":36},"end":{"line":157,"column":null}}]},"22":{"loc":{"start":{"line":165,"column":19},"end":{"line":165,"column":null}},"type":"cond-expr","locations":[{"start":{"line":165,"column":32},"end":{"line":165,"column":72}},{"start":{"line":165,"column":72},"end":{"line":165,"column":null}}]},"23":{"loc":{"start":{"line":166,"column":13},"end":{"line":166,"column":30}},"type":"binary-expr","locations":[{"start":{"line":166,"column":13},"end":{"line":166,"column":30}}]},"24":{"loc":{"start":{"line":167,"column":13},"end":{"line":167,"column":30}},"type":"binary-expr","locations":[{"start":{"line":167,"column":13},"end":{"line":167,"column":30}}]},"25":{"loc":{"start":{"line":168,"column":13},"end":{"line":168,"column":33}},"type":"binary-expr","locations":[{"start":{"line":168,"column":13},"end":{"line":168,"column":33}}]},"26":{"loc":{"start":{"line":169,"column":13},"end":{"line":169,"column":33}},"type":"binary-expr","locations":[{"start":{"line":169,"column":13},"end":{"line":169,"column":33}}]},"27":{"loc":{"start":{"line":174,"column":11},"end":{"line":174,"column":null}},"type":"binary-expr","locations":[{"start":{"line":174,"column":11},"end":{"line":174,"column":null}}]},"28":{"loc":{"start":{"line":180,"column":17},"end":{"line":180,"column":null}},"type":"binary-expr","locations":[{"start":{"line":180,"column":17},"end":{"line":180,"column":null}}]},"29":{"loc":{"start":{"line":191,"column":7},"end":{"line":191,"column":19}},"type":"binary-expr","locations":[{"start":{"line":191,"column":7},"end":{"line":191,"column":19}},{"start":{"line":191,"column":19},"end":{"line":191,"column":null}}]},"30":{"loc":{"start":{"line":199,"column":7},"end":{"line":199,"column":19}},"type":"binary-expr","locations":[{"start":{"line":199,"column":7},"end":{"line":199,"column":19}},{"start":{"line":199,"column":19},"end":{"line":199,"column":null}}]},"31":{"loc":{"start":{"line":208,"column":15},"end":{"line":208,"column":61}},"type":"binary-expr","locations":[{"start":{"line":208,"column":15},"end":{"line":208,"column":59}},{"start":{"line":208,"column":59},"end":{"line":208,"column":61}}]},"32":{"loc":{"start":{"line":209,"column":15},"end":{"line":209,"column":null}},"type":"binary-expr","locations":[{"start":{"line":209,"column":15},"end":{"line":209,"column":60}},{"start":{"line":209,"column":60},"end":{"line":209,"column":null}}]},"33":{"loc":{"start":{"line":211,"column":13},"end":{"line":211,"column":null}},"type":"binary-expr","locations":[{"start":{"line":211,"column":13},"end":{"line":211,"column":null}}]},"34":{"loc":{"start":{"line":247,"column":8},"end":{"line":253,"column":null}},"type":"if","locations":[{"start":{"line":247,"column":8},"end":{"line":253,"column":null}},{"start":{},"end":{}}]},"35":{"loc":{"start":{"line":248,"column":10},"end":{"line":251,"column":null}},"type":"if","locations":[{"start":{"line":248,"column":10},"end":{"line":251,"column":null}},{"start":{},"end":{}}]},"36":{"loc":{"start":{"line":285,"column":6},"end":{"line":287,"column":null}},"type":"if","locations":[{"start":{"line":285,"column":6},"end":{"line":287,"column":null}},{"start":{},"end":{}}]},"37":{"loc":{"start":{"line":289,"column":6},"end":{"line":297,"column":null}},"type":"if","locations":[{"start":{"line":289,"column":6},"end":{"line":297,"column":null}},{"start":{},"end":{}}]},"38":{"loc":{"start":{"line":302,"column":6},"end":{"line":304,"column":null}},"type":"if","locations":[{"start":{"line":302,"column":6},"end":{"line":304,"column":null}},{"start":{},"end":{}}]},"39":{"loc":{"start":{"line":305,"column":6},"end":{"line":307,"column":null}},"type":"if","locations":[{"start":{"line":305,"column":6},"end":{"line":307,"column":null}},{"start":{},"end":{}}]},"40":{"loc":{"start":{"line":308,"column":6},"end":{"line":310,"column":null}},"type":"if","locations":[{"start":{"line":308,"column":6},"end":{"line":310,"column":null}},{"start":{},"end":{}}]},"41":{"loc":{"start":{"line":318,"column":20},"end":{"line":318,"column":null}},"type":"binary-expr","locations":[{"start":{"line":318,"column":20},"end":{"line":318,"column":47}},{"start":{"line":318,"column":47},"end":{"line":318,"column":null}}]},"42":{"loc":{"start":{"line":319,"column":20},"end":{"line":319,"column":null}},"type":"binary-expr","locations":[{"start":{"line":319,"column":20},"end":{"line":319,"column":47}},{"start":{"line":319,"column":47},"end":{"line":319,"column":null}}]},"43":{"loc":{"start":{"line":325,"column":4},"end":{"line":327,"column":null}},"type":"if","locations":[{"start":{"line":325,"column":4},"end":{"line":327,"column":null}},{"start":{},"end":{}}]},"44":{"loc":{"start":{"line":331,"column":21},"end":{"line":331,"column":null}},"type":"binary-expr","locations":[{"start":{"line":331,"column":21},"end":{"line":331,"column":41}},{"start":{"line":331,"column":41},"end":{"line":331,"column":null}}]},"45":{"loc":{"start":{"line":333,"column":6},"end":{"line":335,"column":null}},"type":"if","locations":[{"start":{"line":333,"column":6},"end":{"line":335,"column":null}},{"start":{},"end":{}}]},"46":{"loc":{"start":{"line":336,"column":6},"end":{"line":338,"column":null}},"type":"if","locations":[{"start":{"line":336,"column":6},"end":{"line":338,"column":null}},{"start":{},"end":{}}]},"47":{"loc":{"start":{"line":339,"column":6},"end":{"line":341,"column":null}},"type":"if","locations":[{"start":{"line":339,"column":6},"end":{"line":341,"column":null}},{"start":{},"end":{}}]},"48":{"loc":{"start":{"line":355,"column":6},"end":{"line":363,"column":null}},"type":"if","locations":[{"start":{"line":355,"column":6},"end":{"line":363,"column":null}},{"start":{"line":357,"column":13},"end":{"line":363,"column":null}}]},"49":{"loc":{"start":{"line":357,"column":13},"end":{"line":363,"column":null}},"type":"if","locations":[{"start":{"line":357,"column":13},"end":{"line":363,"column":null}},{"start":{"line":361,"column":13},"end":{"line":363,"column":null}}]},"50":{"loc":{"start":{"line":359,"column":24},"end":{"line":359,"column":56}},"type":"binary-expr","locations":[{"start":{"line":359,"column":24},"end":{"line":359,"column":46}},{"start":{"line":359,"column":50},"end":{"line":359,"column":56}}]},"51":{"loc":{"start":{"line":359,"column":56},"end":{"line":359,"column":null}},"type":"binary-expr","locations":[{"start":{"line":359,"column":56},"end":{"line":359,"column":79}},{"start":{"line":359,"column":83},"end":{"line":359,"column":null}}]},"52":{"loc":{"start":{"line":360,"column":25},"end":{"line":360,"column":null}},"type":"binary-expr","locations":[{"start":{"line":360,"column":25},"end":{"line":360,"column":49}},{"start":{"line":360,"column":53},"end":{"line":360,"column":null}}]},"53":{"loc":{"start":{"line":429,"column":13},"end":{"line":429,"column":null}},"type":"cond-expr","locations":[{"start":{"line":429,"column":37},"end":{"line":429,"column":80}},{"start":{"line":429,"column":83},"end":{"line":429,"column":null}}]},"54":{"loc":{"start":{"line":435,"column":7},"end":{"line":435,"column":null}},"type":"binary-expr","locations":[{"start":{"line":435,"column":7},"end":{"line":435,"column":null}}]},"55":{"loc":{"start":{"line":442,"column":7},"end":{"line":442,"column":null}},"type":"binary-expr","locations":[{"start":{"line":442,"column":7},"end":{"line":442,"column":null}}]},"56":{"loc":{"start":{"line":448,"column":7},"end":{"line":448,"column":19}},"type":"binary-expr","locations":[{"start":{"line":448,"column":7},"end":{"line":448,"column":19}},{"start":{"line":448,"column":19},"end":{"line":448,"column":29}},{"start":{"line":448,"column":29},"end":{"line":448,"column":null}}]},"57":{"loc":{"start":{"line":455,"column":7},"end":{"line":458,"column":43}},"type":"binary-expr","locations":[{"start":{"line":455,"column":7},"end":{"line":455,"column":null}},{"start":{"line":456,"column":8},"end":{"line":456,"column":null}},{"start":{"line":457,"column":8},"end":{"line":458,"column":43}}]}},"s":{"0":0,"1":0,"2":0,"3":0,"4":0,"5":0,"6":0,"7":0,"8":0,"9":0,"10":0,"11":0,"12":0,"13":0,"14":0,"15":0,"16":0,"17":0,"18":0,"19":0,"20":0,"21":0,"22":0,"23":0,"24":0,"25":0,"26":0,"27":0,"28":0,"29":0,"30":0,"31":0,"32":0,"33":0,"34":0,"35":0,"36":0,"37":0,"38":0,"39":0,"40":0,"41":0,"42":0,"43":0,"44":0,"45":0,"46":0,"47":0,"48":0,"49":0,"50":0,"51":0,"52":0,"53":0,"54":0,"55":0,"56":0,"57":0,"58":0,"59":0,"60":0,"61":0,"62":0,"63":0,"64":0,"65":0,"66":0,"67":0,"68":0,"69":0,"70":0,"71":0,"72":0,"73":0,"74":0,"75":0,"76":0,"77":0,"78":0,"79":0,"80":0,"81":0,"82":0,"83":0,"84":0,"85":0,"86":0,"87":0,"88":0,"89":0,"90":0,"91":0,"92":0,"93":0,"94":0,"95":0,"96":0,"97":0,"98":0,"99":0,"100":0,"101":0,"102":0,"103":0,"104":0,"105":0,"106":0,"107":0,"108":0,"109":0,"110":0,"111":0,"112":0,"113":0,"114":0,"115":0,"116":0},"f":{"0":0,"1":0,"2":0,"3":0,"4":0,"5":0,"6":0,"7":0,"8":0,"9":0,"10":0,"11":0,"12":0,"13":0,"14":0,"15":0,"16":0,"17":0,"18":0,"19":0,"20":0,"21":0,"22":0,"23":0,"24":0,"25":0,"26":0,"27":0,"28":0},"b":{"0":[0,0],"1":[0,0],"2":[0,0],"3":[0,0],"4":[0,0],"5":[0,0],"6":[0,0],"7":[0,0],"8":[0,0],"9":[0],"10":[0],"11":[0,0],"12":[0],"13":[0,0],"14":[0],"15":[0,0,0],"16":[0],"17":[0,0,0],"18":[0,0],"19":[0,0],"20":[0,0],"21":[0,0],"22":[0,0],"23":[0],"24":[0],"25":[0],"26":[0],"27":[0],"28":[0],"29":[0,0],"30":[0,0],"31":[0,0],"32":[0,0],"33":[0],"34":[0,0],"35":[0,0],"36":[0,0],"37":[0,0],"38":[0,0],"39":[0,0],"40":[0,0],"41":[0,0],"42":[0,0],"43":[0,0],"44":[0,0],"45":[0,0],"46":[0,0],"47":[0,0],"48":[0,0],"49":[0,0],"50":[0,0],"51":[0,0],"52":[0,0],"53":[0,0],"54":[0],"55":[0],"56":[0,0,0],"57":[0,0,0]}}
,"/Users/jeff/repos/jeff/valley-of-ai/app/suggest/page.jsx": {"path":"/Users/jeff/repos/jeff/valley-of-ai/app/suggest/page.jsx","statementMap":{"0":{"start":{"line":22,"column":24},"end":{"line":22,"column":null}},"1":{"start":{"line":3,"column":25},"end":{"line":3,"column":null}},"2":{"start":{"line":4,"column":20},"end":{"line":4,"column":null}},"3":{"start":{"line":5,"column":26},"end":{"line":5,"column":null}},"4":{"start":{"line":7,"column":27},"end":{"line":7,"column":69}},"5":{"start":{"line":8,"column":28},"end":{"line":8,"column":71}},"6":{"start":{"line":9,"column":27},"end":{"line":9,"column":69}},"7":{"start":{"line":10,"column":27},"end":{"line":10,"column":69}},"8":{"start":{"line":12,"column":19},"end":{"line":20,"column":null}},"9":{"start":{"line":23,"column":26},"end":{"line":29,"column":null}},"10":{"start":{"line":30,"column":30},"end":{"line":30,"column":null}},"11":{"start":{"line":31,"column":36},"end":{"line":31,"column":null}},"12":{"start":{"line":32,"column":42},"end":{"line":32,"column":null}},"13":{"start":{"line":33,"column":40},"end":{"line":33,"column":null}},"14":{"start":{"line":34,"column":46},"end":{"line":34,"column":null}},"15":{"start":{"line":36,"column":19},"end":{"line":49,"column":null}},"16":{"start":{"line":37,"column":22},"end":{"line":37,"column":null}},"17":{"start":{"line":38,"column":4},"end":{"line":42,"column":null}},"18":{"start":{"line":39,"column":6},"end":{"line":39,"column":null}},"19":{"start":{"line":40,"column":11},"end":{"line":42,"column":null}},"20":{"start":{"line":41,"column":6},"end":{"line":41,"column":null}},"21":{"start":{"line":43,"column":4},"end":{"line":47,"column":null}},"22":{"start":{"line":44,"column":6},"end":{"line":44,"column":null}},"23":{"start":{"line":45,"column":11},"end":{"line":47,"column":null}},"24":{"start":{"line":46,"column":6},"end":{"line":46,"column":null}},"25":{"start":{"line":48,"column":4},"end":{"line":48,"column":null}},"26":{"start":{"line":51,"column":23},"end":{"line":93,"column":null}},"27":{"start":{"line":52,"column":4},"end":{"line":52,"column":null}},"28":{"start":{"line":53,"column":22},"end":{"line":53,"column":null}},"29":{"start":{"line":55,"column":4},"end":{"line":58,"column":null}},"30":{"start":{"line":56,"column":6},"end":{"line":56,"column":null}},"31":{"start":{"line":57,"column":6},"end":{"line":57,"column":null}},"32":{"start":{"line":60,"column":4},"end":{"line":60,"column":null}},"33":{"start":{"line":61,"column":4},"end":{"line":61,"column":null}},"34":{"start":{"line":63,"column":4},"end":{"line":67,"column":null}},"35":{"start":{"line":64,"column":6},"end":{"line":64,"column":null}},"36":{"start":{"line":65,"column":6},"end":{"line":65,"column":null}},"37":{"start":{"line":66,"column":6},"end":{"line":66,"column":null}},"38":{"start":{"line":69,"column":27},"end":{"line":77,"column":null}},"39":{"start":{"line":79,"column":4},"end":{"line":92,"column":null}},"40":{"start":{"line":80,"column":6},"end":{"line":84,"column":null}},"41":{"start":{"line":86,"column":6},"end":{"line":86,"column":null}},"42":{"start":{"line":88,"column":6},"end":{"line":88,"column":null}},"43":{"start":{"line":89,"column":6},"end":{"line":89,"column":null}},"44":{"start":{"line":91,"column":6},"end":{"line":91,"column":null}},"45":{"start":{"line":95,"column":23},"end":{"line":101,"column":null}},"46":{"start":{"line":96,"column":28},"end":{"line":96,"column":36}},"47":{"start":{"line":97,"column":4},"end":{"line":97,"column":null}},"48":{"start":{"line":97,"column":23},"end":{"line":97,"column":null}},"49":{"start":{"line":98,"column":4},"end":{"line":100,"column":null}},"50":{"start":{"line":99,"column":6},"end":{"line":99,"column":null}},"51":{"start":{"line":99,"column":27},"end":{"line":99,"column":null}},"52":{"start":{"line":103,"column":2},"end":{"line":149,"column":null}},"53":{"start":{"line":137,"column":16},"end":{"line":137,"column":null}},"54":{"start":{"line":138,"column":16},"end":{"line":138,"column":null}},"55":{"start":{"line":139,"column":16},"end":{"line":139,"column":null}},"56":{"start":{"line":217,"column":18},"end":{"line":217,"column":36}},"57":{"start":{"line":268,"column":37},"end":{"line":268,"column":null}},"58":{"start":{"line":269,"column":32},"end":{"line":269,"column":null}},"59":{"start":{"line":270,"column":31},"end":{"line":270,"column":null}}},"fnMap":{"0":{"name":"SuggestPage","decl":{"start":{"line":22,"column":24},"end":{"line":22,"column":null}},"loc":{"start":{"line":22,"column":24},"end":{"line":292,"column":null}}},"1":{"name":"(anonymous_3)","decl":{"start":{"line":36,"column":19},"end":{"line":36,"column":null}},"loc":{"start":{"line":36,"column":19},"end":{"line":49,"column":null}}},"2":{"name":"(anonymous_4)","decl":{"start":{"line":51,"column":23},"end":{"line":51,"column":30}},"loc":{"start":{"line":51,"column":30},"end":{"line":93,"column":null}}},"3":{"name":"(anonymous_5)","decl":{"start":{"line":95,"column":23},"end":{"line":95,"column":24}},"loc":{"start":{"line":95,"column":24},"end":{"line":101,"column":null}}},"4":{"name":"(anonymous_6)","decl":{"start":{"line":97,"column":12},"end":{"line":97,"column":13}},"loc":{"start":{"line":97,"column":23},"end":{"line":97,"column":null}}},"5":{"name":"(anonymous_7)","decl":{"start":{"line":99,"column":16},"end":{"line":99,"column":17}},"loc":{"start":{"line":99,"column":27},"end":{"line":99,"column":null}}},"6":{"name":"(anonymous_8)","decl":{"start":{"line":136,"column":23},"end":{"line":136,"column":null}},"loc":{"start":{"line":136,"column":23},"end":{"line":140,"column":null}}},"7":{"name":"(anonymous_9)","decl":{"start":{"line":216,"column":32},"end":{"line":216,"column":33}},"loc":{"start":{"line":217,"column":18},"end":{"line":217,"column":36}}},"8":{"name":"(anonymous_10)","decl":{"start":{"line":268,"column":26},"end":{"line":268,"column":27}},"loc":{"start":{"line":268,"column":37},"end":{"line":268,"column":null}}},"9":{"name":"(anonymous_11)","decl":{"start":{"line":269,"column":26},"end":{"line":269,"column":32}},"loc":{"start":{"line":269,"column":32},"end":{"line":269,"column":null}}},"10":{"name":"(anonymous_12)","decl":{"start":{"line":270,"column":25},"end":{"line":270,"column":31}},"loc":{"start":{"line":270,"column":31},"end":{"line":270,"column":null}}}},"branchMap":{"0":{"loc":{"start":{"line":38,"column":4},"end":{"line":42,"column":null}},"type":"if","locations":[{"start":{"line":38,"column":4},"end":{"line":42,"column":null}},{"start":{"line":40,"column":11},"end":{"line":42
[...]
lumn":24},"end":{"line":5,"column":null}},"1":{"start":{"line":3,"column":36},"end":{"line":3,"column":null}},"2":{"start":{"line":6,"column":30},"end":{"line":6,"column":null}},"3":{"start":{"line":7,"column":32},"end":{"line":7,"column":null}},"4":{"start":{"line":9,"column":2},"end":{"line":16,"column":null}},"5":{"start":{"line":10,"column":18},"end":{"line":10,"column":null}},"6":{"start":{"line":11,"column":17},"end":{"line":13,"column":65}},"7":{"start":{"line":14,"column":4},"end":{"line":14,"column":null}},"8":{"start":{"line":15,"column":4},"end":{"line":15,"column":null}},"9":{"start":{"line":18,"column":2},"end":{"line":30,"column":null}},"10":{"start":{"line":19,"column":4},"end":{"line":21,"column":null}},"11":{"start":{"line":20,"column":6},"end":{"line":20,"column":null}},"12":{"start":{"line":22,"column":17},"end":{"line":22,"column":41}},"13":{"start":{"line":23,"column":4},"end":{"line":29,"column":null}},"14":{"start":{"line":24,"column":6},"end":{"line":24,"column":null}},"15":{"start":{"line":25,"column":6},"end":{"line":25,"column":null}},"16":{"start":{"line":27,"column":6},"end":{"line":27,"column":null}},"17":{"start":{"line":28,"column":6},"end":{"line":28,"column":null}},"18":{"start":{"line":34,"column":21},"end":{"line":34,"column":null}}},"fnMap":{"0":{"name":"ThemeToggle","decl":{"start":{"line":5,"column":24},"end":{"line":5,"column":null}},"loc":{"start":{"line":5,"column":24},"end":{"line":55,"column":null}}},"1":{"name":"(anonymous_2)","decl":{"start":{"line":9,"column":12},"end":{"line":9,"column":null}},"loc":{"start":{"line":9,"column":12},"end":{"line":16,"column":5}}},"2":{"name":"(anonymous_3)","decl":{"start":{"line":18,"column":12},"end":{"line":18,"column":null}},"loc":{"start":{"line":18,"column":12},"end":{"line":30,"column":5}}},"3":{"name":"(anonymous_4)","decl":{"start":{"line":34,"column":15},"end":{"line":34,"column":21}},"loc":{"start":{"line":34,"column":21},"end":{"line":34,"column":null}}}},"branchMap":{"0":{"loc":{"start":{"line":11,"column":17},"end":{"line":13,"column":65}},"type":"cond-expr","locations":[{"start":{"line":12,"column":8},"end":{"line":12,"column":null}},{"start":{"line":13,"column":8},"end":{"line":13,"column":65}}]},"1":{"loc":{"start":{"line":19,"column":4},"end":{"line":21,"column":null}},"type":"if","locations":[{"start":{"line":19,"column":4},"end":{"line":21,"column":null}},{"start":{},"end":{}}]},"2":{"loc":{"start":{"line":23,"column":4},"end":{"line":29,"column":null}},"type":"if","locations":[{"start":{"line":23,"column":4},"end":{"line":29,"column":null}},{"start":{"line":26,"column":11},"end":{"line":29,"column":null}}]},"3":{"loc":{"start":{"line":36,"column":18},"end":{"line":36,"column":null}},"type":"cond-expr","locations":[{"start":{"line":36,"column":27},"end":{"line":36,"column":52}},{"start":{"line":36,"column":52},"end":{"line":36,"column":null}}]},"4":{"loc":{"start":{"line":39,"column":8},"end":{"line":40,"column":null}},"type":"cond-expr","locations":[{"start":{"line":39,"column":8},"end":{"line":40,"column":null}}]},"5":{"loc":{"start":{"line":41,"column":8},"end":{"line":49,"column":9}},"type":"cond-expr","locations":[{"start":{"line":41,"column":8},"end":{"line":49,"column":9}}]}},"s":{"0":4,"1":1,"2":9,"3":9,"4":9,"5":4,"6":4,"7":4,"8":4,"9":9,"10":9,"11":4,"12":5,"13":5,"14":2,"15":2,"16":3,"17":3,"18":1},"f":{"0":9,"1":4,"2":9,"3":1},"b":{"0":[3,1],"1":[4,5],"2":[2,3],"3":[2,7],"4":[4],"5":[2]}}
,"/Users/jeff/repos/jeff/valley-of-ai/hooks/useVotes.js": {"path":"/Users/jeff/repos/jeff/valley-of-ai/hooks/useVotes.js","statementMap":{"0":{"start":{"line":31,"column":16},"end":{"line":31,"column":28}},"1":{"start":{"line":115,"column":16},"end":{"line":115,"column":33}},"2":{"start":{"line":37,"column":16},"end":{"line":37,"column":25}},"3":{"start":{"line":1,"column":49},"end":{"line":1,"column":null}},"4":{"start":{"line":2,"column":25},"end":{"line":2,"column":null}},"5":{"start":{"line":4,"column":20},"end":{"line":4,"column":null}},"6":{"start":{"line":8,"column":2},"end":{"line":16,"column":null}},"7":{"start":{"line":9,"column":4},"end":{"line":11,"column":null}},"8":{"start":{"line":10,"column":6},"end":{"line":10,"column":null}},"9":{"start":{"line":12,"column":19},"end":{"line":12,"column":null}},"10":{"start":{"line":13,"column":4},"end":{"line":13,"column":null}},"11":{"start":{"line":15,"column":4},"end":{"line":15,"column":null}},"12":{"start":{"line":21,"column":2},"end":{"line":27,"column":null}},"13":{"start":{"line":22,"column":4},"end":{"line":24,"column":null}},"14":{"start":{"line":23,"column":6},"end":{"line":23,"column":null}},"15":{"start":{"line":32,"column":20},"end":{"line":32,"column":null}},"16":{"start":{"line":33,"column":2},"end":{"line":33,"column":null}},"17":{"start":{"line":38,"column":36},"end":{"line":38,"column":null}},"18":{"start":{"line":39,"column":34},"end":{"line":39,"column":null}},"19":{"start":{"line":40,"column":36},"end":{"line":40,"column":null}},"20":{"start":{"line":41,"column":34},"end":{"line":41,"column":null}},"21":{"start":{"line":44,"column":2},"end":{"line":67,"column":null}},"22":{"start":{"line":46,"column":6},"end":{"line":46,"column":null}},"23":{"start":{"line":47,"column":6},"end":{"line":61,"column":null}},"24":{"start":{"line":48,"column":33},"end":{"line":51,"column":null}},"25":{"start":{"line":53,"column":8},"end":{"line":55,"column":null}},"26":{"start":{"line":54,"column":10},"end":{"line":54,"column":null}},"27":{"start":{"line":56,"column":8},"end":{"line":56,"column":null}},"28":{"start":{"line":58,"column":8},"end":{"line":58,"column":null}},"29":{"start":{"line":60,"column":8},"end":{"line":60,"column":null}},"30":{"start":{"line":65,"column":4},"end":{"line":65,"column":null}},"31":{"start":{"line":66,"column":4},"end":{"line":66,"column":null}},"32":{"start":{"line":70,"column":15},"end":{"line":103,"column":null}},"33":{"start":{"line":71,"column":4},"end":{"line":73,"column":null}},"34":{"start":{"line":72,"column":6},"end":{"line":72,"column":null}},"35":{"start":{"line":75,"column":4},"end":{"line":75,"column":null}},"36":{"start":{"line":78,"column":4},"end":{"line":78,"column":null}},"37":{"start":{"line":78,"column":27},"end":{"line":78,"column":null}},"38":{"start":{"line":79,"column":4},"end":{"line":79,"column":null}},"39":{"start":{"line":81,"column":4},"end":{"line":102,"column":null}},"40":{"start":{"line":82,"column":24},"end":{"line":82,"column":null}},"41":{"start":{"line":84,"column":6},"end":{"line":86,"column":null}},"42":{"start":{"line":85,"column":8},"end":{"line":85,"column":null}},"43":{"start":{"line":89,"column":24},"end":{"line":89,"column":null}},"44":{"start":{"line":90,"column":6},"end":{"line":90,"column":null}},"45":{"start":{"line":91,"column":6},"end":{"line":91,"column":null}},"46":{"start":{"line":93,"column":6},"end":{"line":93,"column":null}},"47":{"start":{"line":95,"column":6},"end":{"line":95,"column":null}},"48":{"start":{"line":97,"column":6},"end":{"line":97,"column":null}},"49":{"start":{"line":97,"column":29},"end":{"line":97,"column":null}},"50":{"start":{"line":98,"column":6},"end":{"line":98,"column":null}},"51":{"start":{"line":99,"column":6},"end":{"line":99,"column":null}},"52":{"start":{"line":101,"column":6},"end":{"line":101,"column":null}},"53":{"start":{"line":105,"column":2},"end":{"line":111,"column":null}},"54":{"start":{"line":116,"column":38},"end":{"line":116,"column":null}},"55":{"start":{"line":117,"column":36},"end":{"line":117,"column":null}},"56":{"start":{"line":119,"column":2},"end":{"line":152,"column":null}},"57":{"start":{"line":121,"column":6},"end":{"line":124,"column":null}},"58":{"start":{"line":122,"column":8},"end":{"line":122,"column":null}},"59":{"start":{"line":123,"column":8},"end":{"line":123,"column":null}},"60":{"start":{"line":126,"column":6},"end":{"line":126,"column":null}},"61":{"start":{"line":127,"column":6},"end":{"line":148,"column":null}},"62":{"start":{"line":128,"column":32},"end":{"line":128,"column":null}},"63":{"start":{"line":130,"column":8},"end":{"line":132,"column":null}},"64":{"start":{"line":131,"column":10},"end":{"line":131,"column":null}},"65":{"start":{"line":135,"column":23},"end":{"line":135,"column":null}},"66":{"start":{"line":136,"column":8},"end":{"line":138,"column":null}},"67":{"start":{"line":137,"column":10},"end":{"line":137,"column":null}},"68":{"start":{"line":139,"column":8},"end":{"line":141,"column":null}},"69":{"start":{"line":140,"column":10},"end":{"line":140,"column":null}},"70":{"start":{"line":143,"column":8},"end":{"line":143,"column":null}},"71":{"start":{"line":145,"column":8},"end":{"line":145,"column":null}},"72":{"start":{"line":147,"column":8},"end":{"line":147,"column":null}},"73":{"start":{"line":151,"column":4},"end":{"line":151,"column":null}},"74":{"start":{"line":154,"column":2},"end":{"line":154,"column":null}}},"fnMap":{"0":{"name":"getVotedApps","decl":{"start":{"line":7,"column":9},"end":{"line":7,"column":null}},"loc":{"start":{"line":7,"column":9},"end":{"line":17,"column":null}}},"1":{"name":"saveVotedApps","decl":{"start":{"line":20,"column":9},"end":{"line":20,"column":23}},"loc":{"start":{"line":20,"column":32},"end":{"line":28,"column":null}}},"2":{"name":"hasVotedFor","decl":{"start":{"line":31,"column":16},"end":{"line":31,"column":28}},"loc":{"start":{"line":31,"column":33},"end":{"line":34,"column":null}}},"3":{"name":"useVotes","decl":{"start":{"line":37,"column":16},"end":{"line":37,"column":25}},"loc":{"start":{"line":37,"column":30},"end":{"line":112,"column":null}}},"4":{"name":"(anonymous_8)","decl":{"start":{"line":44,"column":12},"end":{"line":44,"column":null}},"loc":{"start":{"line":44,"column":12},"end":{"line":67,"column":5}}},"5":{"name":"fetchVotes","decl":{"start":{"line":45,"column":19},"end":{"line":45,"column":null}},"loc":{"start":{"line":45,"column":19},"end":{"line":62,"column":null}}},"6":{"name":"(anonymous_10)","decl":{"start":{"line":70,"column":27},"end":{"line":70,"column":null}},"loc":{"start":{"line":70,"column":27},"end":{"line":103,"column":5}}},"7":{"name":"(anonymous_11)","decl":{"start":{"line":78,"column":17},"end":{"line":78,"column":18}},"loc":{"start":{"line":78,"column":27},"end":{"line":78,"column":null}}},"8":{"name":"(anonymous_12)","decl":{"start":{"line":97,"column":19},"end":{"line":97,"column":20}},"loc":{"start":{"line":97,"column":29},"end":{"line":97,"column":null}}},"9":{"name":"useAllVoteCounts","decl":{"start":{"line":115,"column":16},"end":{"line":115,"column":33}},"loc":{"start":{"line":115,"column":39},"end":{"line":155,"column":null}}},"10":{"name":"(anonymous_14)","decl":{"start":{"line":119,"column":12},"end":{"line":119,"column":null}},"loc":{"start":{"line":119,"column":12},"end":{"line":152,"column":5}}},"11":{"name":"fetchAllVotes","decl":{"start":{"line":120,"column":19},"end":{"line":120,"column":null}},"loc":{"start":{"line":120,"column":19},"end":{"line":149,"column":null}}},"12":{"name":"(anonymous_16)","decl":{"start":{"line":136,"column":23},"end":{"line":136,"column":24}},"loc":{"start":{"line":136,"column":24},"end":{"line":138,"column":null}}},"13":{"name":"(anonymous_17)","decl":{"start":{"line":139,"column":22},"end":{"line":139,"column":23}},"loc":{"start":{"line":139,"column":23},"end":{"line":141,"column":null}}}},"branchMap":{"0":{"loc":{"start":{"line":9,"column":4},"end":{"line":11,"column":null}},"type":"if","locations":[{"start":{"line":9,"column":4},"end":{"line":11,"column":null}},{"start":{},"end":{}}]},"1":{"loc":{"start":{"line":13,"column":11},"end":{"line":13,"column":null}},"type":"cond-expr","locations":[{"start":{"line":13,"column":20},"end":{"line":13,"column":41}},{"start":{"line":13,"column":41},"end":{"line":13,"column":null}}]},"2":{"loc":{"start":{"line":22,"column":4},"end":{"line":24,"column":null}},"type":"if","locations":[{"start":{"line":22,"column":4},"end":{"line":24,"column":null}},{"start":{},"end":{}}]},"3":{"loc":{"start":{"line":53,"column":8},"end":{"line":55,"column":null}},"type":"if","locations":[{"start":{"line":53,"column":8},"end":{"line":55,"column":null}},{"start":{},"end":{}}]},"4":{"loc":{"start":{"line":56,"column":21},"end":{"line":56,"column":null}},"type":"binary-expr","locations":[{"start":{"line":56,"column":21},"end":{"line":56,"column":30}},{"start":{"line":56,"column":30},"end":{"line":56,"column":null}}]},"5":{"loc":{"start":{"line":71,"column":4},"end":{"line":73,"column":null}},"type":"if","locations":[{"start":{"line":71,"column":4},"end":{"line":73,"column":null}},{"start":{},"end":{}}]},"6":{"loc":{"start":{"line":71,"column":8},"end":{"line":71,"column":30}},"type":"binary-expr","locations":[{"start":{"line":71,"column":8},"end":{"line":71,"column":20}},{"start":{"line":71,"column":20},"end":{"line":71,"column":30}}]},"7":{"loc":{"start":{"line":84,"column":6},"end":{"line":86,"column":null}},"type":"if","locations":[{"start":{"line":84,"column":6},"end":{"line":86,"column":null}},{"start":{},"end":{}}]},"8":{"loc":{"start":{"line":121,"column":6},"end":{"line":124,"column":null}},"type":"if","locations":[{"start":{"line":121,"column":6},"end":{"line":124,"column":null}},{"start":{},"end":{}}]},"9":{"loc":{"start":{"line":121,"column":10},"end":{"line":121,"column":42}},"type":"binary-expr","locations":[{"start":{"line":121,"column":10},"end":{"line":121,"column":21}},{"start":{"line":121,"column":21},"end":{"line":121,"column":42}}]},"10":{"loc":{"start":{"line":130,"column":8},"end":{"line":132,"column":null}},"type":"if","locations":[{"start":{"line":130,"column":8},"end":{"line":132,"column":null}},{"start":{},"end":{}}]},"11":{"loc":{"start":{"line":140,"column":32},"end":{"line":140,"column":59}},"type":"binary-expr","locations":[{"start":{"line":140,"column":32},"end":{"line":140,"column":50}},{"start":{"line":140,"column":54},"end":{"line":140,"column":59}}]}},"s":{"0":0,"1":0,"2":0,"3":0,"4":0,"5":0,"6":0,"7":0,"8":0,"9":0,"10":0,"11":0,"12":0,"13":0,"14":0,"15":0,"16":0,"17":0,"18":0,"19":0,"20":0,"21":0,"22":0,"23":0,"24":0,"25":0,"26":0,"27":0,"28":0,"29":0,"30":0,"31":0,"32":0,"33":0,"34":0,"35":0,"36":0,"37":0,"38":0,"39":0,"40":0,"41":0,"42":0,"43":0,"44":0,"45":0,"46":0,"47":0,"48":0,"49":0,"50":0,"51":0,"52":0,"53":0,"54":0,"55":0,"56":0,"57":0,"58":0,"59":0,"60":0,"61":0,"62":0,"63":0,"64":0,"65":0,"66":0,"67":0,"68":0,"69":0,"70":0,"71":0,"72":0,"73":0,"74":0},"f":{"0":0,"1":0,"2":0,"3":0,"4":0,"5":0,"6":0,"7":0,"8":0,"9":0,"10":0,"11":0,"12":0,"13":0},"b":{"0":[0,0],"1":[0,0],"2":[0,0],"3":[0,0],"4":[0,0],"5":[0,0],"6":[0,0],"7":[0,0],"8":[0,0],"9":[0,0],"10":[0,0],"11":[0,0]}}
,"/Users/jeff/repos/jeff/valley-of-ai/lib/siteConfig.js": {"path":"/Users/jeff/repos/jeff/valley-of-ai/lib/siteConfig.js","statementMap":{"0":{"start":{"line":1,"column":13},"end":{"line":1,"column":24}},"1":{"start":{"line":3,"column":13},"end":{"line":3,"column":33}},"2":{"start":{"line":4,"column":13},"end":{"line":4,"column":34}},"3":{"start":{"line":2,"column":13},"end":{"line":2,"column":26}},"4":{"start":{"line":1,"column":24},"end":{"line":1,"column":null}},"5":{"start":{"line":2,"column":26},"end":{"line":2,"column":null}},"6":{"start":{"line":3,"column":33},"end":{"line":3,"column":null}},"7":{"start":{"line":4,"column":34},"end":{"line":4,"column":null}}},"fnMap":{},"branchMap":{"0":{"loc":{"start":{"line":1,"column":24},"end":{"line":1,"column":null}},"type":"binary-expr","locations":[{"start":{"line":1,"column":24},"end":{"line":1,"column":57}},{"start":{"line":1,"column":61},"end":{"line":1,"column":null}}]},"1":{"loc":{"start":{"line":2,"column":26},"end":{"line":2,"column":null}},"type":"binary-expr","locations":[{"start":{"line":2,"column":26},"end":{"line":2,"column":62}},{"start":{"line":2,"column":66},"end":{"line":2,"column":null}}]},"2":{"loc":{"start":{"line":3,"column":33},"end":{"line":3,"column":null}},"type":"binary-expr","locations":[{"start":{"line":3,"column":33},"end":{"line":3,"column":76}},{"start":{"line":3,"column":80},"end":{"line":3,"column":null}}]},"3":{"loc":{"start":{"line":4,"column":34},"end":{"line":4,"column":null}},"type":"binary-expr","locations":[{"start":{"line":4,"column":34},"end":{"line":4,"column":78}},{"start":{"line":4,"column":82},"end":{"line":4,"column":null}}]}},"s":{"0":3,"1":3,"2":3,"3":3,"4":1,"5":1,"6":1,"7":1},"f":{},"b":{"0":[1,0],"1":[1,0],"2":[1,0],"3":[1,0]}}
,"/Users/jeff/repos/jeff/valley-of-ai/lib/supabase.js": {"path":"/Users/jeff/repos/jeff/valley-of-ai/lib/supabase.js","statementMap":{"0":{"start":{"line":25,"column":13},"end":{"line":25,"column":null}},"1":{"start":{"line":1,"column":29},"end":{"line":1,"column":null}},"2":{"start":{"line":3,"column":21},"end":{"line":3,"column":57}},"3":{"start":{"line":4,"column":26},"end":{"line":4,"column":67}},"4":{"start":{"line":8,"column":2},"end":{"line":22,"column":null}},"5":{"start":{"line":9,"column":17},"end":{"line":21,"column":null}},"6":{"start":{"line":10,"column":21},"end":{"line":13,"column":null}},"7":{"start":{"line":11,"column":18},"end":{"line":11,"column":null}},"8":{"start":{"line":12,"column":19},"end":{"line":12,"column":null}},"9":{"start":{"line":14,"column":21},"end":{"line":16,"column":null}},"10":{"start":{"line":15,"column":18},"end":{"line":15,"column":null}},"11":{"start":{"line":17,"column":20},"end":{"line":17,"column":null}},"12":{"start":{"line":18,"column":21},"end":{"line":20,"column":null}},"13":{"start":{"line":19,"column":18},"end":{"line":19,"column":null}},"14":{"start":{"line":26,"column":2},"end":{"line":28,"column":null}}},"fnMap":{"0":{"name":"createMockClient","decl":{"start":{"line":7,"column":9},"end":{"line":7,"column":null}},"loc":{"start":{"line":7,"column":9},"end":{"line":23,"column":null}}},"1":{"name":"(anonymous_2)","decl":{"start":{"line":9,"column":10},"end":{"line":9,"column":17}},"loc":{"start":{"line":9,"column":17},"end":{"line":21,"column":null}}},"2":{"name":"(anonymous_3)","decl":{"start":{"line":10,"column":14},"end":{"line":10,"column":21}},"loc":{"start":{"line":10,"column":21},"end":{"line":13,"column":null}}},"3":{"name":"(anonymous_4)","decl":{"start":{"line":11,"column":12},"end":{"line":11,"column":18}},"loc":{"start":{"line":11,"column":18},"end":{"line":11,"column":null}}},"4":{"name":"(anonymous_5)","decl":{"start":{"line":12,"column":13},"end":{"line":12,"column":19}},"loc":{"start":{"line":12,"column":19},"end":{"line":12,"column":null}}},"5":{"name":"(anonymous_6)","decl":{"start":{"line":14,"column":14},"end":{"line":14,"column":21}},"loc":{"start":{"line":14,"column":21},"end":{"line":16,"column":null}}},"6":{"name":"(anonymous_7)","decl":{"start":{"line":15,"column":12},"end":{"line":15,"column":18}},"loc":{"start":{"line":15,"column":18},"end":{"line":15,"column":null}}},"7":{"name":"(anonymous_8)","decl":{"start":{"line":17,"column":14},"end":{"line":17,"column":20}},"loc":{"start":{"line":17,"column":20},"end":{"line":17,"column":null}}},"8":{"name":"(anonymous_9)","decl":{"start":{"line":18,"column":14},"end":{"line":18,"column":21}},"loc":{"start":{"line":18,"column":21},"end":{"line":20,"column":null}}},"9":{"name":"(anonymous_10)","decl":{"start":{"line":19,"column":12},"end":{"line":19,"column":18}},"loc":{"start":{"line":19,"column":18},"end":{"line":19,"column":null}}}},"branchMap":{"0":{"loc":{"start":{"line":26,"column":2},"end":{"line":28,"column":null}},"type":"cond-expr","locations":[{"start":{"line":27,"column":6},"end":{"line":27,"column":null}},{"start":{"line":28,"column":6},"end":{"line":28,"column":null}}]},"1":{"loc":{"start":{"line":26,"column":2},"end":{"line":26,"column":null}},"type":"binary-expr","locations":[{"start":{"line":26,"column":2},"end":{"line":26,"column":18}},{"start":{"line":26,"column":18},"end":{"line":26,"column":null}}]}},"s":{"0":0,"1":0,"2":0,"3":0,"4":0,"5":0,"6":0,"7":0,"8":0,"9":0,"10":0,"11":0,"12":0,"13":0,"14":0},"f":{"0":0,"1":0,"2":0,"3":0,"4":0,"5":0,"6":0,"7":0,"8":0,"9":0},"b":{"0":[0,0],"1":[0,0]}}
}
