TN:
SF:app/layout.jsx
FN:12,RootLayout
FNF:1
FNH:0
FNDA:0,RootLayout
DA:1,0
DA:2,0
DA:3,0
DA:5,0
DA:7,0
DA:12,0
LF:6
LH:0
BRF:0
BRH:0
end_of_record
TN:
SF:app/not-found.jsx
FN:3,NotFound
FNF:1
FNH:0
FNDA:0,NotFound
DA:1,0
DA:3,0
LF:2
LH:0
BRF:0
BRH:0
end_of_record
TN:
SF:app/page.jsx
FN:34,(anonymous_2)
FN:36,(anonymous_3)
FN:56,(anonymous_4)
FN:58,(anonymous_5)
FN:63,(anonymous_6)
FN:73,(anonymous_7)
FN:75,(anonymous_8)
FN:77,(anonymous_9)
FN:79,(anonymous_10)
FN:81,HomePage
FN:111,(anonymous_12)
FN:121,(anonymous_13)
FN:122,(anonymous_14)
FN:128,(anonymous_15)
FN:152,(anonymous_16)
FN:156,(anonymous_17)
FN:158,(anonymous_18)
FN:160,(anonymous_19)
FN:168,(anonymous_20)
FN:173,(anonymous_21)
FN:182,(anonymous_22)
FN:182,(anonymous_23)
FN:187,(anonymous_24)
FN:192,(anonymous_25)
FN:197,(anonymous_26)
FN:198,(anonymous_27)
FN:201,(anonymous_28)
FN:210,(anonymous_29)
FN:212,(anonymous_30)
FN:213,(anonymous_31)
FN:228,(anonymous_32)
FN:229,(anonymous_33)
FN:230,(anonymous_34)
FN:235,(anonymous_35)
FN:241,(anonymous_36)
FN:257,(anonymous_37)
FN:266,(anonymous_38)
FN:311,(anonymous_39)
FN:311,(anonymous_40)
FN:358,(anonymous_41)
FN:366,(anonymous_42)
FN:401,(anonymous_43)
FN:420,(anonymous_44)
FN:439,(anonymous_45)
FN:458,(anonymous_46)
FN:498,(anonymous_47)
FN:516,(anonymous_48)
FN:529,(anonymous_49)
FN:558,(anonymous_50)
FN:574,(anonymous_51)
FN:575,(anonymous_52)
FN:584,(anonymous_53)
FN:591,(anonymous_54)
FN:599,(anonymous_55)
FN:613,(anonymous_56)
FNF:55
FNH:0
FNDA:0,(anonymous_2)
FNDA:0,(anonymous_3)
FNDA:0,(anonymous_4)
FNDA:0,(anonymous_5)
FNDA:0,(anonymous_6)
FNDA:0,(anonymous_7)
FNDA:0,(anonymous_8)
FNDA:0,(anonymous_9)
FNDA:0,(anonymous_10)
FNDA:0,HomePage
FNDA:0,(anonymous_12)
FNDA:0,(anonymous_13)
FNDA:0,(anonymous_14)
FNDA:0,(anonymous_15)
FNDA:0,(anonymous_16)
FNDA:0,(anonymous_17)
FNDA:0,(anonymous_18)
FNDA:0,(anonymous_19)
FNDA:0,(anonymous_20)
FNDA:0,(anonymous_21)
FNDA:0,(anonymous_22)
FNDA:0,(anonymous_23)
FNDA:0,(anonymous_24)
FNDA:0,(anonymous_25)
FNDA:0,(anonymous_26)
FNDA:0,(anonymous_27)
FNDA:0,(anonymous_28)
FNDA:0,(anonymous_29)
FNDA:0,(anonymous_30)
FNDA:0,(anonymous_31)
FNDA:0,(anonymous_32)
FNDA:0,(anonymous_33)
FNDA:0,(anonymous_34)
FNDA:0,(anonymous_35)
FNDA:0,(anonymous_36)
FNDA:0,(anonymous_37)
FNDA:0,(anonymous_38)
FNDA:0,(anonymous_39)
FNDA:0,(anonymous_40)
FNDA:0,(anonymous_41)
FNDA:0,(anonymous_42)
FNDA:0,(anonymous_43)
FNDA:0,(anonymous_44)
FNDA:0,(anonymous_45)
FNDA:0,(anonymous_46)
FNDA:0,(anonymous_47)
FNDA:0,(anonymous_48)
FNDA:0,(anonymous_49)
FNDA:0,(anonymous_50)
FNDA:0,(anonymous_51)
FNDA:0,(anonymous_52)
FNDA:0,(anonymous_53)
FNDA:0,(anonymous_54)
FNDA:0,(anonymous_55)
FNDA:0,(anonymous_56)
DA:3,0
DA:4,0
DA:5,0
DA:6,0
DA:9,0
DA:11,0
DA:17,0
DA:18,0
DA:20,0
DA:34,0
DA:36,0
DA:37,0
DA:38,0
DA:41,0
DA:45,0
DA:56,0
DA:57,0
DA:58,0
DA:59,0
DA:63,0
DA:64,0
DA:65,0
DA:67,0
DA:68,0
DA:69,0
DA:73,0
DA:74,0
DA:75,0
DA:77,0
DA:78,0
DA:79,0
DA:81,0
DA:82,0
DA:83,0
DA:84,0
DA:85,0
DA:86,0
DA:87,0
DA:88,0
DA:89,0
DA:92,0
DA:95,0
DA:96,0
DA:97,0
DA:98,0
DA:99,0
DA:100,0
DA:102,0
DA:111,0
DA:112,0
DA:113,0
DA:114,0
DA:115,0
DA:116,0
DA:117,0
DA:118,0
DA:121,0
DA:122,0
DA:123,0
DA:124,0
DA:126,0
DA:128,0
DA:129,0
DA:130,0
DA:133,0
DA:134,0
DA:136,0
DA:137,0
DA:139,0
DA:140,0
DA:142,0
DA:146,0
DA:148,0
DA:152,0
DA:153,0
DA:154,0
DA:156,0
DA:158,0
DA:160,0
DA:162,0
DA:166,0
DA:168,0
DA:169,0
DA:170,0
DA:173,0
DA:174,0
DA:175,0
DA:176,0
DA:177,0
DA:178,0
DA:179,0
DA:182,0
DA:183,0
DA:184,0
DA:187,0
DA:188,0
DA:189,0
DA:192,0
DA:193,0
DA:194,0
DA:197,0
DA:198,0
DA:199,0
DA:201,0
DA:202,0
DA:203,0
DA:205,0
DA:206,0
DA:209,0
DA:210,0
DA:211,0
DA:212,0
DA:213,0
DA:214,0
DA:221,0
DA:224,0
DA:228,0
DA:229,0
DA:230,0
DA:231,0
DA:235,0
DA:236,0
DA:237,0
DA:241,0
DA:242,0
DA:243,0
DA:259,0
DA:263,0
DA:266,0
DA:311,0
DA:359,0
DA:360,0
DA:366,0
DA:402,0
DA:421,0
DA:440,0
DA:459,0
DA:499,0
DA:517,0
DA:530,0
DA:558,0
DA:574,0
DA:576,0
DA:577,0
DA:579,0
DA:580,0
DA:582,0
DA:585,0
DA:586,0
DA:588,0
DA:589,0
DA:592,0
DA:599,0
DA:613,0
LF:154
LH:0
BRDA:36,0,0,0
BRDA:38,1,0,0
BRDA:38,1,1,0
BRDA:41,2,0,0
BRDA:41,2,1,0
BRDA:47,3,0,0
BRDA:47,3,1,0
BRDA:57,4,0,0
BRDA:57,4,1,0
BRDA:64,5,0,0
BRDA:64,5,1,0
BRDA:69,6,0,0
BRDA:69,6,1,0
BRDA:115,7,0,0
BRDA:115,7,1,0
BRDA:123,8,0,0
BRDA:123,8,1,0
BRDA:126,9,0,0
BRDA:126,9,1,0
BRDA:126,9,2,0
BRDA:129,10,0,0
BRDA:129,10,1,0
BRDA:133,11,0,0
BRDA:133,11,1,0
BRDA:133,12,0,0
BRDA:133,12,1,0
BRDA:136,13,0,0
BRDA:136,13,1,0
BRDA:136,14,0,0
BRDA:136,14,1,0
BRDA:139,15,0,0
BRDA:139,15,1,0
BRDA:139,16,0,0
BRDA:139,16,1,0
BRDA:142,17,0,0
BRDA:142,17,1,0
BRDA:143,18,0,0
BRDA:143,18,1,0
BRDA:144,19,0,0
BRDA:144,19,1,0
BRDA:154,20,0,0
BRDA:154,20,1,0
BRDA:154,20,2,0
BRDA:154,20,3,0
BRDA:160,21,0,0
BRDA:160,21,1,0
BRDA:160,22,0,0
BRDA:160,22,1,0
BRDA:202,23,0,0
BRDA:202,23,1,0
BRDA:202,24,0,0
BRDA:202,24,1,0
BRDA:209,25,0,0
BRDA:209,25,1,0
BRDA:209,26,0,0
BRDA:209,26,1,0
BRDA:214,27,0,0
BRDA:214,27,1,0
BRDA:236,28,0,0
BRDA:236,28,1,0
BRDA:255,29,0,0
BRDA:255,29,1,0
BRDA:259,30,0,0
BRDA:259,30,1,0
BRDA:267,31,0,0
BRDA:267,31,1,0
BRDA:267,32,0,0
BRDA:267,32,1,0
BRDA:279,33,0,0
BRDA:279,33,1,0
BRDA:315,34,0,0
BRDA:315,34,1,0
BRDA:318,35,0,0
BRDA:318,35,1,0
BRDA:367,36,0,0
BRDA:367,36,1,0
BRDA:378,37,0,0
BRDA:387,38,0,0
BRDA:469,39,0,0
BRDA:469,39,1,0
BRDA:528,40,0,0
BRDA:536,41,0,0
BRDA:535,42,0,0
BRDA:535,42,1,0
BRDA:549,43,0,0
BRDA:576,44,0,0
BRDA:576,44,1,0
BRDA:576,45,0,0
BRDA:576,45,1,0
BRDA:579,46,0,0
BRDA:579,46,1,0
BRDA:585,47,0,0
BRDA:585,47,1,0
BRDA:585,48,0,0
BRDA:585,48,1,0
BRDA:592,49,0,0
BRDA:592,49,1,0
BRDA:601,50,0,0
BRDA:601,50,1,0
BRF:99
BRH:0
end_of_record
TN:
SF:app/robots.js
FN:3,robots
FNF:1
FNH:0
FNDA:0,robots
DA:1,0
DA:3,0
DA:4,0
LF:3
LH:0
BRDA:1,0,0,0
BRDA:1,0,1,0
BRF:2
BRH:0
end_of_record
TN:
SF:app/sitemap.js
FN:5,sitemap
FN:6,(anonymous_3)
FNF:2
FNH:0
FNDA:0,sitemap
FNDA:0,(anonymous_3)
DA:1,0
DA:3,0
DA:5,0
DA:6,0
DA:13,0
LF:5
LH:0
BRDA:3,0,0,0
BRDA:3,0,1,0
BRDA:8,1,0,0
BRDA:8,1,1,0
BRF:4
BRH:0
end_of_record
TN:
SF:app/apps/[...id]/page.jsx
FN:10,AppDetailPage
FN:14,(anonymous_3)
FN:23,AppDetailContent
FN:73,(anonymous_5)
FN:133,(anonymous_6)
FNF:5
FNH:0
FNDA:0,AppDetailPage
FNDA:0,(anonymous_3)
FNDA:0,AppDetailContent
FNDA:0,(anonymous_5)
FNDA:0,(anonymous_6)
DA:3,0
DA:4,0
DA:5,0
DA:6,0
DA:8,0
DA:10,0
DA:11,0
DA:12,0
DA:14,0
DA:16,0
DA:17,0
DA:24,0
DA:26,0
DA:35,0
DA:74,0
DA:134,0
LF:16
LH:0
BRDA:16,0,0,0
BRDA:16,0,1,0
BRDA:35,1,0,0
BRDA:35,1,1,0
BRDA:35,2,0,0
BRDA:35,2,1,0
BRDA:68,3,0,0
BRDA:95,4,0,0
BRDA:95,4,1,0
BRDA:95,4,2,0
BRDA:97,5,0,0
BRDA:97,5,1,0
BRDA:100,6,0,0
BRDA:100,6,1,0
BRDA:104,7,0,0
BRDA:104,7,1,0
BRDA:110,8,0,0
BRDA:110,8,1,0
BRDA:110,9,0,0
BRDA:110,9,1,0
BRDA:131,10,0,0
BRDA:131,10,1,0
BRDA:146,11,0,0
BRDA:178,12,0,0
BRDA:186,13,0,0
BRDA:194,14,0,0
BRDA:202,15,0,0
BRF:27
BRH:0
end_of_record
TN:
SF:app/logs/page.jsx
FN:31,formatDuration
FN:44,formatTimestamp
FN:53,StatusBadge
FN:64,StepRow
FN:98,(anonymous_5)
FN:122,TransactionCard
FN:125,(anonymous_7)
FN:126,(anonymous_8)
FN:127,(anonymous_9)
FN:141,(anonymous_10)
FN:193,(anonymous_11)
FN:223,LogsPage
FN:227,(anonymous_13)
FN:233,(anonymous_14)
FN:238,(anonymous_15)
FN:239,fetchLogs
FN:258,(anonymous_17)
FN:259,(anonymous_18)
FN:280,(anonymous_19)
FN:314,(anonymous_20)
FN:317,(anonymous_21)
FN:324,(anonymous_22)
FN:329,(anonymous_23)
FN:330,(anonymous_24)
FN:346,(anonymous_25)
FN:354,(anonymous_26)
FN:386,(anonymous_27)
FN:397,(anonymous_28)
FN:457,(anonymous_29)
FNF:29
FNH:0
FNDA:0,formatDuration
FNDA:0,formatTimestamp
FNDA:0,StatusBadge
FNDA:0,StepRow
FNDA:0,(anonymous_5)
FNDA:0,TransactionCard
FNDA:0,(anonymous_7)
FNDA:0,(anonymous_8)
FNDA:0,(anonymous_9)
FNDA:0,(anonymous_10)
FNDA:0,(anonymous_11)
FNDA:0,LogsPage
FNDA:0,(anonymous_13)
FNDA:0,(anonymous_14)
FNDA:0,(anonymous_15)
FNDA:0,fetchLogs
FNDA:0,(anonymous_17)
FNDA:0,(anonymous_18)
FNDA:0,(anonymous_19)
FNDA:0,(anonymous_20)
FNDA:0,(anonymous_21)
FNDA:0,(anonymous_22)
FNDA:0,(anonymous_23)
FNDA:0,(anonymous_24)
FNDA:0,(anonymous_25)
FNDA:0,(anonymous_26)
FNDA:0,(anonymous_27)
FNDA:0,(anonymous_28)
FNDA:0,(anonymous_29)
DA:3,0
DA:5,0
DA:20,0
DA:32,0
DA:33,0
DA:35,0
DA:36,0
DA:38,0
DA:39,0
DA:41,0
DA:45,0
DA:46,0
DA:54,0
DA:65,0
DA:99,0
DA:123,0
DA:125,0
DA:126,0
DA:127,0
DA:129,0
DA:130,0
DA:131,0
DA:141,0
DA:194,0
DA:223,0
DA:224,0
DA:225,0
DA:226,0
DA:227,0
DA:228,0
DA:229,0
DA:231,0
DA:233,0
DA:234,0
DA:235,0
DA:238,0
DA:240,0
DA:241,0
DA:243,0
DA:244,0
DA:245,0
DA:247,0
DA:248,0
DA:249,0
DA:250,0
DA:252,0
DA:255,0
DA:256,0
DA:258,0
DA:260,0
DA:261,0
DA:263,0
DA:268,0
DA:270,0
DA:271,0
DA:273,0
DA:277,0
DA:280,0
DA:281,0
DA:283,0
DA:284,0
DA:285,0
DA:286,0
DA:289,0
DA:290,0
DA:299,0
DA:300,0
DA:302,0
DA:303,0
DA:305,0
DA:306,0
DA:308,0
DA:309,0
DA:313,0
DA:314,0
DA:317,0
DA:318,0
DA:319,0
DA:320,0
DA:324,0
DA:325,0
DA:326,0
DA:329,0
DA:330,0
DA:331,0
DA:333,0
DA:334,0
DA:336,0
DA:337,0
DA:339,0
DA:340,0
DA:342,0
DA:346,0
DA:347,0
DA:348,0
DA:349,0
DA:350,0
DA:351,0
DA:353,0
DA:354,0
DA:355,0
DA:356,0
DA:357,0
DA:358,0
DA:359,0
DA:360,0
DA:362,0
DA:366,0
DA:386,0
DA:397,0
DA:458,0
LF:111
LH:0
BRDA:32,0,0,0
BRDA:32,0,1,0
BRDA:35,1,0,0
BRDA:35,1,1,0
BRDA:38,2,0,0
BRDA:38,2,1,0
BRDA:54,3,0,0
BRDA:54,3,1,0
BRDA:65,4,0,0
BRDA:65,4,1,0
BRDA:70,5,0,0
BRDA:70,5,1,0
BRDA:72,6,0,0
BRDA:72,6,1,0
BRDA:74,7,0,0
BRDA:74,7,1,0
BRDA:84,8,0,0
BRDA:84,8,1,0
BRDA:90,9,0,0
BRDA:96,10,0,0
BRDA:101,11,0,0
BRDA:101,11,1,0
BRDA:109,12,0,0
BRDA:110,13,0,0
BRDA:110,13,1,0
BRDA:112,14,0,0
BRDA:113,15,0,0
BRDA:113,15,1,0
BRDA:113,15,2,0
BRDA:114,16,0,0
BRDA:129,17,0,0
BRDA:129,17,1,0
BRDA:129,17,2,0
BRDA:136,18,0,0
BRDA:136,18,1,0
BRDA:136,19,0,0
BRDA:136,19,1,0
BRDA:145,20,0,0
BRDA:145,20,1,0
BRDA:157,21,0,0
BRDA:157,21,1,0
BRDA:165,22,0,0
BRDA:165,22,1,0
BRDA:166,23,0,0
BRDA:167,24,0,0
BRDA:168,25,0,0
BRDA:169,26,0,0
BRDA:174,27,0,0
BRDA:180,28,0,0
BRDA:191,29,0,0
BRDA:191,29,1,0
BRDA:199,30,0,0
BRDA:199,30,1,0
BRDA:208,31,0,0
BRDA:208,31,1,0
BRDA:209,32,0,0
BRDA:209,32,1,0
BRDA:211,33,0,0
BRDA:247,34,0,0
BRDA:247,34,1,0
BRDA:248,35,0,0
BRDA:248,35,1,0
BRDA:285,36,0,0
BRDA:285,36,1,0
BRDA:289,37,0,0
BRDA:289,37,1,0
BRDA:302,38,0,0
BRDA:302,38,1,0
BRDA:305,39,0,0
BRDA:305,39,1,0
BRDA:308,40,0,0
BRDA:308,40,1,0
BRDA:318,41,0,0
BRDA:318,41,1,0
BRDA:319,42,0,0
BRDA:319,42,1,0
BRDA:325,43,0,0
BRDA:325,43,1,0
BRDA:331,44,0,0
BRDA:331,44,1,0
BRDA:333,45,0,0
BRDA:333,45,1,0
BRDA:336,46,0,0
BRDA:336,46,1,0
BRDA:339,47,0,0
BRDA:339,47,1,0
BRDA:355,48,0,0
BRDA:355,48,1,0
BRDA:357,49,0,0
BRDA:357,49,1,0
BRDA:359,50,0,0
BRDA:359,50,1,0
BRDA:359,51,0,0
BRDA:359,51,1,0
BRDA:360,52,0,0
BRDA:360,52,1,0
BRDA:429,53,0,0
BRDA:429,53,1,0
BRDA:435,54,0,0
BRDA:442,55,0,0
BRDA:448,56,0,0
BRDA:448,56,1,0
BRDA:448,56,2,0
BRDA:455,57,0,0
BRDA:455,57,1,0
BRDA:455,57,2,0
BRF:106
BRH:0
end_of_record
TN:
SF:app/suggest/page.jsx
FN:22,SuggestPage
FN:36,(anonymous_3)
FN:51,(anonymous_4)
FN:95,(anonymous_5)
FN:97,(anonymous_6)
FN:99,(anonymous_7)
FN:136,(anonymous_8)
FN:216,(anonymous_9)
FN:268,(anonymous_10)
FN:269,(anonymous_11)
FN:270,(anonymous_12)
FNF:11
FNH:0
FNDA:0,SuggestPage
FNDA:0,(anonymous_3)
FNDA:0,(anonymous_4)
FNDA:0,(anonymous_5)
FNDA:0,(anonymous_6)
FNDA:0,(anonymous_7)
FNDA:0,(anonymous_8)
FNDA:0,(anonymous_9)
FNDA:0,(anonymous_10)
FNDA:0,(anonymous_11)
FNDA:0,(anonymous_12)
DA:3,0
DA:4,0
DA:5,0
DA:7,0
DA:8,0
DA:9,0
DA:10,0
DA:12,0
DA:22,0
DA:23,0
DA:30,0
DA:31,0
DA:32,0
DA:33,0
DA:34,0
DA:36,0
DA:37,0
DA:38,0
DA:39,0
DA:40,0
DA:41,0
DA:43,0
DA:44,0
DA:45,0
DA:46,0
DA:48,0
DA:51,0
DA:52,0
DA:53,0
DA:55,0
DA:56,0
DA:57,0
DA:60,0
DA:61,0
DA:63,0
DA:64,0
DA:65,0
DA:66,0
DA:69,0
DA:79,0
DA:80,0
DA:86,0
DA:88,0
DA:89,0
DA:91,0
DA:95,0
DA:96,0
DA:97,0
DA:98,0
DA:99,0
DA:103,0
DA:137,0
DA:138,0
DA:139,0
DA:217,0
DA:268,0
DA:269,0
DA:270,0
LF:58
LH:0
BRDA:38,0,0,0
BRDA:38,0,1,0
BRDA:40,1,0,0
BRDA:40,1,1,0
BRDA:43,2,0,0
BRDA:43,2,1,0
BRDA:45,3,0,0
BRDA:45,3,1,0
BRDA:55,4,0,0
BRDA:55,4,1,0
BRDA:63,5,0,0
BRDA:63,5,1,0
BRDA:72,6,0,0
BRDA:72,6,1,0
BRDA:73,7,0,0
BRDA:73,7,1,0
BRDA:74,8,0,0
BRDA:74,8,1,0
BRDA:98,9,0,0
BRDA:98,9,1,0
BRDA:103,10,0,0
BRDA:103,10,1,0
BRDA:181,11,0,0
BRDA:181,11,1,0
BRDA:183,12,0,0
BRDA:197,13,0,0
BRDA:197,13,1,0
BRDA:199,14,0,0
BRDA:274,15,0,0
BRDA:283,16,0,0
BRDA:283,16,1,0
BRDA:285,17,0,0
BRDA:285,17,1,0
BRF:33
BRH:0
end_of_record
TN:
SF:components/AppCard.jsx
FN:6,AppCard
FN:15,(anonymous_3)
FN:31,(anonymous_4)
FNF:3
FNH:0
FNDA:0,AppCard
FNDA:0,(anonymous_3)
FNDA:0,(anonymous_4)
DA:3,0
DA:4,0
DA:6,0
DA:7,0
DA:9,0
DA:15,0
DA:16,0
DA:17,0
DA:18,0
DA:19,0
DA:32,0
LF:11
LH:0
BRDA:18,0,0,0
BRDA:18,0,1,0
BRDA:18,1,0,0
BRDA:18,1,1,0
BRDA:26,2,0,0
BRDA:26,2,1,0
BRDA:48,3,0,0
BRDA:48,3,1,0
BRDA:48,3,2,0
BRDA:50,4,0,0
BRDA:50,4,1,0
BRDA:53,5,0,0
BRDA:53,5,1,0
BRDA:54,6,0,0
BRDA:54,6,1,0
BRDA:58,7,0,0
BRDA:58,7,1,0
BRDA:64,8,0,0
BRDA:64,8,1,0
BRF:19
BRH:0
end_of_record
TN:
SF:components/Header.jsx
FN:7,Header
FNF:1
FNH:0
FNDA:0,Header
DA:3,0
DA:4,0
DA:5,0
DA:7,0
LF:4
LH:0
BRDA:30,0,0,0
BRF:1
BRH:0
end_of_record
TN:
SF:components/LayoutShell.jsx
FN:37,(anonymous_2)
FN:42,LayoutShell
FN:68,(anonymous_4)
FNF:3
FNH:0
FNDA:0,(anonymous_2)
FNDA:0,LayoutShell
FNDA:0,(anonymous_4)
DA:3,0
DA:4,0
DA:6,0
DA:37,0
DA:39,0
DA:40,0
DA:42,0
DA:69,0
LF:8
LH:0
BRDA:39,0,0,0
BRDA:39,0,1,0
BRDA:40,1,0,0
BRDA:40,1,1,0
BRDA:67,2,0,0
BRF:5
BRH:0
end_of_record
TN:
SF:components/ThemeToggle.jsx
FN:5,ThemeToggle
FN:9,(anonymous_2)
FN:18,(anonymous_3)
FN:34,(anonymous_4)
FNF:4
FNH:4
FNDA:9,ThemeToggle
FNDA:4,(anonymous_2)
FNDA:9,(anonymous_3)
FNDA:1,(anonymous_4)
DA:3,1
DA:5,4
DA:6,9
DA:7,9
DA:9,9
DA:10,4
DA:11,4
DA:14,4
DA:15,4
DA:18,9
DA:19,9
DA:20,4
DA:22,5
DA:23,5
DA:24,2
DA:25,2
DA:27,3
DA:28,3
DA:34,1
LF:19
LH:19
BRDA:11,0,0,3
BRDA:11,0,1,1
BRDA:19,1,0,4
BRDA:19,1,1,5
BRDA:23,2,0,2
BRDA:23,2,1,3
BRDA:36,3,0,2
BRDA:36,3,1,7
BRDA:39,4,0,4
BRDA:41,5,0,2
BRF:10
BRH:10
end_of_record
TN:
SF:hooks/useVotes.js
FN:7,getVotedApps
FN:20,saveVotedApps
FN:31,hasVotedFor
FN:37,useVotes
FN:44,(anonymous_8)
FN:45,fetchVotes
FN:70,(anonymous_10)
FN:78,(anonymous_11)
FN:97,(anonymous_12)
FN:115,useAllVoteCounts
FN:119,(anonymous_14)
FN:120,fetchAllVotes
FN:136,(anonymous_16)
FN:139,(anonymous_17)
FNF:14
FNH:0
FNDA:0,getVotedApps
FNDA:0,saveVotedApps
FNDA:0,hasVotedFor
FNDA:0,useVotes
FNDA:0,(anonymous_8)
FNDA:0,fetchVotes
FNDA:0,(anonymous_10)
FNDA:0,(anonymous_11)
FNDA:0,(anonymous_12)
FNDA:0,useAllVoteCounts
FNDA:0,(anonymous_14)
FNDA:0,fetchAllVotes
FNDA:0,(anonymous_16)
FNDA:0,(anonymous_17)
DA:1,0
DA:2,0
DA:4,0
DA:8,0
DA:9,0
DA:10,0
DA:12,0
DA:13,0
DA:15,0
DA:21,0
DA:22,0
DA:23,0
DA:31,0
DA:32,0
DA:33,0
DA:37,0
DA:38,0
DA:39,0
DA:40,0
DA:41,0
DA:44,0
DA:46,0
DA:47,0
DA:48,0
DA:53,0
DA:54,0
DA:56,0
DA:58,0
DA:60,0
DA:65,0
DA:66,0
DA:70,0
DA:71,0
DA:72,0
DA:75,0
DA:78,0
DA:79,0
DA:81,0
DA:82,0
DA:84,0
DA:85,0
DA:89,0
DA:90,0
DA:91,0
DA:93,0
DA:95,0
DA:97,0
DA:98,0
DA:99,0
DA:101,0
DA:105,0
DA:115,0
DA:116,0
DA:117,0
DA:119,0
DA:121,0
DA:122,0
DA:123,0
DA:126,0
DA:127,0
DA:128,0
DA:130,0
DA:131,0
DA:135,0
DA:136,0
DA:137,0
DA:139,0
DA:140,0
DA:143,0
DA:145,0
DA:147,0
DA:151,0
DA:154,0
LF:73
LH:0
BRDA:9,0,0,0
BRDA:9,0,1,0
BRDA:13,1,0,0
BRDA:13,1,1,0
BRDA:22,2,0,0
BRDA:22,2,1,0
BRDA:53,3,0,0
BRDA:53,3,1,0
BRDA:56,4,0,0
BRDA:56,4,1,0
BRDA:71,5,0,0
BRDA:71,5,1,0
BRDA:71,6,0,0
BRDA:71,6,1,0
BRDA:84,7,0,0
BRDA:84,7,1,0
BRDA:121,8,0,0
BRDA:121,8,1,0
BRDA:121,9,0,0
BRDA:121,9,1,0
BRDA:130,10,0,0
BRDA:130,10,1,0
BRDA:140,11,0,0
BRDA:140,11,1,0
BRF:24
BRH:0
end_of_record
TN:
SF:lib/siteConfig.js
FNF:0
FNH:0
DA:1,3
DA:2,3
DA:3,3
DA:4,3
LF:4
LH:4
BRDA:1,0,0,1
BRDA:1,0,1,0
BRDA:2,1,0,1
BRDA:2,1,1,0
BRDA:3,2,0,1
BRDA:3,2,1,0
BRDA:4,3,0,1
BRDA:4,3,1,0
BRF:8
BRH:4
end_of_record
TN:
SF:lib/supabase.js
FN:7,createMockClient
FN:9,(anonymous_2)
FN:10,(anonymous_3)
FN:11,(anonymous_4)
FN:12,(anonymous_5)
FN:14,(anonymous_6)
FN:15,(anonymous_7)
FN:17,(anonymous_8)
FN:18,(anonymous_9)
FN:19,(anonymous_10)
FNF:10
FNH:0
FNDA:0,createMockClient
FNDA:0,(anonymous_2)
FNDA:0,(anonymous_3)
FNDA:0,(anonymous_4)
FNDA:0,(anonymous_5)
FNDA:0,(anonymous_6)
FNDA:0,(anonymous_7)
FNDA:0,(anonymous_8)
FNDA:0,(anonymous_9)
FNDA:0,(anonymous_10)
DA:1,0
DA:3,0
DA:4,0
DA:8,0
DA:9,0
DA:10,0
DA:11,0
DA:12,0
DA:14,0
DA:15,0
DA:17,0
DA:18,0
DA:19,0
DA:25,0
DA:26,0
LF:15
LH:0
BRDA:26,0,0,0
BRDA:26,0,1,0
BRDA:26,1,0,0
BRDA:26,1,1,0
BRF:4
BRH:0
end_of_record
